Using pre-set license
Built from '2021.1/staging' branch; Version is '2021.1.18f1 (25bdc3efbc2d) revision 2473411'; Using compiler version '192528614'; Build Type 'Release'
OS: 'Windows 10 Education; OS build 19042.1586; Version 2009; 64bit' Language: 'en' Physical Memory: 8037 MB
BatchMode: 1, IsHumanControllingUs: 0, StartBugReporterOnCrash: 0, Is64bit: 1, IsPro: 0

COMMAND LINE ARGUMENTS:
C:\Program Files\Unity\Hub\Editor\2021.1.18f1\Editor\Unity.exe
-adb2
-batchMode
-noUpm
-name
AssetImportWorker16
-projectPath
C:/temp/projects/Final Major Project/fmp/fmp
-logFile
Logs/AssetImportWorker16.log
-srvPort
51972
Successfully changed project path to: C:/temp/projects/Final Major Project/fmp/fmp
C:/temp/projects/Final Major Project/fmp/fmp
Using Asset Import Pipeline V2.
