Using pre-set license
Built from '2021.1/staging' branch; Version is '2021.1.18f1 (25bdc3efbc2d) revision 2473411'; Using compiler version '192528614'; Build Type 'Release'
OS: 'Windows 10 Home; OS build 22000.613; Version 2009; 64bit' Language: 'en' Physical Memory: 16300 MB
BatchMode: 1, IsHumanControllingUs: 0, StartBugReporterOnCrash: 0, Is64bit: 1, IsPro: 0

COMMAND LINE ARGUMENTS:
C:\Program Files\Unity\Hub\Editor\2021.1.18f1\Editor\Unity.exe
-adb2
-batchMode
-noUpm
-name
AssetImportWorker0
-projectPath
C:/Users/ewanr/Documents/GitHub/fmp/fmp
-logFile
Logs/AssetImportWorker0.log
-srvPort
62209
Successfully changed project path to: C:/Users/ewanr/Documents/GitHub/fmp/fmp
C:/Users/ewanr/Documents/GitHub/fmp/fmp
Using Asset Import Pipeline V2.
Refreshing native plugins compatible for Editor in 139.85 ms, found 4 plugins.
Preloading 0 native plugins for Editor in 0.00 ms.
Initialize engine version: 2021.1.18f1 (25bdc3efbc2d)
[Subsystems] Discovering subsystems at path C:/Program Files/Unity/Hub/Editor/2021.1.18f1/Editor/Data/Resources/UnitySubsystems
[Subsystems] Discovering subsystems at path C:/Users/ewanr/Documents/GitHub/fmp/fmp/Assets
GfxDevice: creating device client; threaded=0; jobified=0
Direct3D:
    Version:  Direct3D 11.0 [level 11.1]
    Renderer: NVIDIA GeForce GTX 1660 SUPER (ID=0x21c4)
    Vendor:   NVIDIA
    VRAM:     5992 MB
    Driver:   30.0.15.1165
Initialize mono
Mono path[0] = 'C:/Program Files/Unity/Hub/Editor/2021.1.18f1/Editor/Data/Managed'
Mono path[1] = 'C:/Program Files/Unity/Hub/Editor/2021.1.18f1/Editor/Data/MonoBleedingEdge/lib/mono/unityjit'
Mono config path = 'C:/Program Files/Unity/Hub/Editor/2021.1.18f1/Editor/Data/MonoBleedingEdge/etc'
Using monoOptions --debugger-agent=transport=dt_socket,embedding=1,server=y,suspend=n,address=127.0.0.1:56084
Begin MonoManager ReloadAssembly
Registering precompiled unity dll's ...
Register platform support module: C:/Program Files/Unity/Hub/Editor/2021.1.18f1/Editor/Data/PlaybackEngines/WindowsStandaloneSupport/UnityEditor.WindowsStandalone.Extensions.dll
Registered in 0.001252 seconds.
Native extension for WindowsStandalone target not found
Refreshing native plugins compatible for Editor in 142.29 ms, found 4 plugins.
Preloading 0 native plugins for Editor in 0.00 ms.
Mono: successfully reloaded assembly
- Completed reload, in  1.168 seconds
Domain Reload Profiling:
	ReloadAssembly (1168ms)
		BeginReloadAssembly (54ms)
			ExecutionOrderSort (0ms)
			DisableScriptedObjects (0ms)
			BackupInstance (0ms)
			ReleaseScriptingObjects (0ms)
			CreateAndSetChildDomain (1ms)
		EndReloadAssembly (502ms)
			LoadAssemblies (52ms)
			RebuildTransferFunctionScriptingTraits (0ms)
			SetupTypeCache (158ms)
			ReleaseScriptCaches (0ms)
			RebuildScriptCaches (29ms)
			SetupLoadedEditorAssemblies (272ms)
				LogAssemblyErrors (0ms)
				InitializePlatformSupportModulesInManaged (6ms)
				SetLoadedEditorAssemblies (0ms)
				RefreshPlugins (142ms)
				BeforeProcessingInitializeOnLoad (1ms)
				ProcessInitializeOnLoadAttributes (94ms)
				ProcessInitializeOnLoadMethodAttributes (28ms)
				AfterProcessingInitializeOnLoad (0ms)
				EditorAssembliesLoaded (0ms)
			ExecutionOrderSort2 (0ms)
			AwakeInstancesAfterBackupRestoration (0ms)
Platform modules already initialized, skipping
Registering precompiled user dll's ...
Registered in 0.006691 seconds.
Begin MonoManager ReloadAssembly
Symbol file LoadedFromMemory doesn't match image C:\Users\ewanr\Documents\GitHub\fmp\fmp\Library\PackageCache\com.unity.visualscripting@1.6.1\Editor\VisualScripting.Core\Dependencies\YamlDotNet\Unity.VisualScripting.YamlDotNet.dll
Symbol file LoadedFromMemory doesn't match image C:\Users\ewanr\Documents\GitHub\fmp\fmp\Library\PackageCache\com.unity.visualscripting@1.6.1\Editor\VisualScripting.Core\Dependencies\DotNetZip\Unity.VisualScripting.IonicZip.dll
Native extension for WindowsStandalone target not found
Refreshing native plugins compatible for Editor in 151.57 ms, found 4 plugins.
Preloading 0 native plugins for Editor in 0.00 ms.
Mono: successfully reloaded assembly
- Completed reload, in  2.004 seconds
Domain Reload Profiling:
	ReloadAssembly (2004ms)
		BeginReloadAssembly (150ms)
			ExecutionOrderSort (0ms)
			DisableScriptedObjects (4ms)
			BackupInstance (0ms)
			ReleaseScriptingObjects (0ms)
			CreateAndSetChildDomain (20ms)
		EndReloadAssembly (1794ms)
			LoadAssemblies (101ms)
			RebuildTransferFunctionScriptingTraits (0ms)
			SetupTypeCache (445ms)
			ReleaseScriptCaches (1ms)
			RebuildScriptCaches (87ms)
			SetupLoadedEditorAssemblies (1059ms)
				LogAssemblyErrors (0ms)
				InitializePlatformSupportModulesInManaged (4ms)
				SetLoadedEditorAssemblies (0ms)
				RefreshPlugins (152ms)
				BeforeProcessingInitializeOnLoad (117ms)
				ProcessInitializeOnLoadAttributes (774ms)
				ProcessInitializeOnLoadMethodAttributes (7ms)
				AfterProcessingInitializeOnLoad (5ms)
				EditorAssembliesLoaded (0ms)
			ExecutionOrderSort2 (0ms)
			AwakeInstancesAfterBackupRestoration (7ms)
Platform modules already initialized, skipping
========================================================================
Worker process is ready to serve import requests
Launched and connected shader compiler UnityShaderCompiler.exe after 0.06 seconds
Refreshing native plugins compatible for Editor in 1.06 ms, found 4 plugins.
Preloading 0 native plugins for Editor in 0.00 ms.
Unloading 5560 Unused Serialized files (Serialized files now loaded: 0)
System memory in use before: 221.5 MB.
System memory in use after: 222.0 MB.

Unloading 31 unused Assets to reduce memory usage. Loaded Objects now: 6011.
Total: 5.248600 ms (FindLiveObjects: 0.408800 ms CreateObjectMapping: 0.239500 ms MarkObjects: 4.463200 ms  DeleteObjects: 0.136200 ms)

AssetImportParameters requested are different than current active one (requested -> active):
  custom:framework-win-MediaFoundation: 216162199b28c13a410421893ffa2e32 -> 
  custom:video-decoder-ogg-theora: a1e56fd34408186e4bbccfd4996cb3dc -> 
  custom:container-muxer-webm: aa71ff27fc2769a1b78a27578f13a17b -> 
  custom:container-demuxer-webm: 4f35f7cbe854078d1ac9338744f61a02 -> 
  custom:container-demuxer-ogg: 62fdf1f143b41e24485cea50d1cbac27 -> 
  custom:video-encoder-webm-vp8: eb34c28f22e8b96e1ab97ce403110664 -> 
  custom:video-decoder-webm-vp8: 9c59270c3fd7afecdb556c50c9e8de78 -> 
  custom:audio-decoder-ogg-vorbis: bf7c407c2cedff20999df2af8eb42d56 -> 
  custom:audio-encoder-webm-vorbis: bf7c407c2cedff20999df2af8eb42d56 -> 
========================================================================
Received Import Request.
  path: Assets/Packages/Sprites/365427.png
  artifactKey: Guid(b089ae73a51d50f44b97849529c06c0b) Importer(815301076,1909f56bfc062723c751e8b465ee728b)
Start importing Assets/Packages/Sprites/365427.png using Guid(b089ae73a51d50f44b97849529c06c0b) Importer(815301076,1909f56bfc062723c751e8b465ee728b)  -> (artifact id: '1128d13b64a30b6c71f792abc42e5130') in 0.088835 seconds 
========================================================================
Received Import Request.
  Time since last request: 0.000358 seconds.
  path: Assets/Packages/Sprites/d7hftxdivxxvm.cloudfront.net.png
  artifactKey: Guid(5f217f2c28cdcbd4bb0d20d7d0476b08) Importer(815301076,1909f56bfc062723c751e8b465ee728b)
Start importing Assets/Packages/Sprites/d7hftxdivxxvm.cloudfront.net.png using Guid(5f217f2c28cdcbd4bb0d20d7d0476b08) Importer(815301076,1909f56bfc062723c751e8b465ee728b)  -> (artifact id: '978fda4d820dae3e6146adf30f1ed6e9') in 0.015594 seconds 
========================================================================
Received Import Request.
  Time since last request: 0.000162 seconds.
  path: Assets/Packages/Sprites/New TMP Color Gradient.asset
  artifactKey: Guid(2c010bdce3cd01749bf5c4f5d55255ab) Importer(815301076,1909f56bfc062723c751e8b465ee728b)
Start importing Assets/Packages/Sprites/New TMP Color Gradient.asset using Guid(2c010bdce3cd01749bf5c4f5d55255ab) Importer(815301076,1909f56bfc062723c751e8b465ee728b)  -> (artifact id: '902696bea49939d8848d4d7d44753115') in 0.008415 seconds 
========================================================================
Received Import Request.
  Time since last request: 0.000218 seconds.
  path: Assets/Packages/Sprites/DeutscheZierschrift.ttf
  artifactKey: Guid(0a5e914062d20a94ba4a8b3acadc394a) Importer(815301076,1909f56bfc062723c751e8b465ee728b)
Start importing Assets/Packages/Sprites/DeutscheZierschrift.ttf using Guid(0a5e914062d20a94ba4a8b3acadc394a) Importer(815301076,1909f56bfc062723c751e8b465ee728b)  -> (artifact id: '121801f50685b19e5770381a2c27c0c1') in 0.178077 seconds 
========================================================================
Received Import Request.
  Time since last request: 0.000183 seconds.
  path: Assets/Packages/Sprites/gradients.png
  artifactKey: Guid(c98bfb0f8366e584483e36d2284164e4) Importer(815301076,1909f56bfc062723c751e8b465ee728b)
Start importing Assets/Packages/Sprites/gradients.png using Guid(c98bfb0f8366e584483e36d2284164e4) Importer(815301076,1909f56bfc062723c751e8b465ee728b)  -> (artifact id: '8cbedee80aa30a3876a5b7c09ee570e4') in 0.012839 seconds 
========================================================================
Received Import Request.
  Time since last request: 0.000241 seconds.
  path: Assets/Packages/Sprites/Spell Icons
  artifactKey: Guid(292ee1308e2949343b748ec474f52dda) Importer(815301076,1909f56bfc062723c751e8b465ee728b)
Start importing Assets/Packages/Sprites/Spell Icons using Guid(292ee1308e2949343b748ec474f52dda) Importer(815301076,1909f56bfc062723c751e8b465ee728b)  -> (artifact id: '7ce53d38be019a89e4ddfcbdfa36c9af') in 0.004691 seconds 
========================================================================
Received Import Request.
  Time since last request: 0.000161 seconds.
  path: Assets/Packages/Sprites/Dirt 00 seamless.jpg
  artifactKey: Guid(2a5ccbdda5482c147aab92857752ed1b) Importer(815301076,1909f56bfc062723c751e8b465ee728b)
Start importing Assets/Packages/Sprites/Dirt 00 seamless.jpg using Guid(2a5ccbdda5482c147aab92857752ed1b) Importer(815301076,1909f56bfc062723c751e8b465ee728b)  -> (artifact id: 'e159d15ce3028e908fd3a0a01b2397d0') in 0.012731 seconds 
========================================================================
Received Import Request.
  Time since last request: 0.000176 seconds.
  path: Assets/Packages/Sprites/New Material.mat
  artifactKey: Guid(95970e607a7340340b51b13825db14b5) Importer(815301076,1909f56bfc062723c751e8b465ee728b)
Start importing Assets/Packages/Sprites/New Material.mat using Guid(95970e607a7340340b51b13825db14b5) Importer(815301076,1909f56bfc062723c751e8b465ee728b)  -> (artifact id: 'f3172ec1c9822ae22a585b120b5f4c3e') in 0.045443 seconds 
========================================================================
Received Import Request.
  Time since last request: 0.000160 seconds.
  path: Assets/Packages/Sprites/NewLayer.terrainlayer
  artifactKey: Guid(61d70dcaa56bacf4db1a89d7fc1de076) Importer(815301076,1909f56bfc062723c751e8b465ee728b)
Start importing Assets/Packages/Sprites/NewLayer.terrainlayer using Guid(61d70dcaa56bacf4db1a89d7fc1de076) Importer(815301076,1909f56bfc062723c751e8b465ee728b)  -> (artifact id: 'b2ae79bd106ab72c74be7ab86924b427') in 0.016244 seconds 
========================================================================
Received Import Request.
  Time since last request: 42.704465 seconds.
  path: Assets/Packages/Sprites/Spell Icons/Void
  artifactKey: Guid(f32c10979aed93c43bc983eeed22c7bb) Importer(815301076,1909f56bfc062723c751e8b465ee728b)
Start importing Assets/Packages/Sprites/Spell Icons/Void using Guid(f32c10979aed93c43bc983eeed22c7bb) Importer(815301076,1909f56bfc062723c751e8b465ee728b)  -> (artifact id: 'a63b7be16eb4c1fe5dc147e2a63ec906') in 0.004941 seconds 
========================================================================
Received Import Request.
  Time since last request: 4.833180 seconds.
  path: Assets/Packages/Sprites/Spell Icons/Sun
  artifactKey: Guid(744e86d6603f10d439ac99df6e7f63c3) Importer(815301076,1909f56bfc062723c751e8b465ee728b)
Start importing Assets/Packages/Sprites/Spell Icons/Sun using Guid(744e86d6603f10d439ac99df6e7f63c3) Importer(815301076,1909f56bfc062723c751e8b465ee728b)  -> (artifact id: 'beeb148c8bbb8178ab1f71591831cda5') in 0.004924 seconds 
========================================================================
Received Import Request.
  Time since last request: 4.622667 seconds.
  path: Assets/Packages/Sprites/Spell Icons/Chaos
  artifactKey: Guid(2ebb2c39c3cd1474897af459c7f4d762) Importer(815301076,1909f56bfc062723c751e8b465ee728b)
Start importing Assets/Packages/Sprites/Spell Icons/Chaos using Guid(2ebb2c39c3cd1474897af459c7f4d762) Importer(815301076,1909f56bfc062723c751e8b465ee728b)  -> (artifact id: '0770388b3746eaa5578fab642af429e2') in 0.004587 seconds 
========================================================================
Received Import Request.
  Time since last request: 559.378772 seconds.
  path: Assets/Packages/Sprites/Spell Icons/Void/air-burst-magenta-1.png
  artifactKey: Guid(9beaaf6b45f1d3348ab11a4c3ada6213) Importer(815301076,1909f56bfc062723c751e8b465ee728b)
Start importing Assets/Packages/Sprites/Spell Icons/Void/air-burst-magenta-1.png using Guid(9beaaf6b45f1d3348ab11a4c3ada6213) Importer(815301076,1909f56bfc062723c751e8b465ee728b)  -> (artifact id: '682c2cc3495ef451e8fb8bcd30351332') in 0.012046 seconds 
========================================================================
Received Import Request.
  Time since last request: 0.000169 seconds.
  path: Assets/Packages/Sprites/Spell Icons/Void/air-burst-magenta-3.png
  artifactKey: Guid(e211d8fe66646e846bef9cfc2cc91499) Importer(815301076,1909f56bfc062723c751e8b465ee728b)
Start importing Assets/Packages/Sprites/Spell Icons/Void/air-burst-magenta-3.png using Guid(e211d8fe66646e846bef9cfc2cc91499) Importer(815301076,1909f56bfc062723c751e8b465ee728b)  -> (artifact id: 'd8bf53add72970ee8739c5836dd853eb') in 0.008527 seconds 
========================================================================
Received Import Request.
  Time since last request: 0.000196 seconds.
  path: Assets/Packages/Sprites/Spell Icons/Void/air-burst-magenta-2.png
  artifactKey: Guid(0adccdcd0a4217f40a64c8f66d5efa72) Importer(815301076,1909f56bfc062723c751e8b465ee728b)
Start importing Assets/Packages/Sprites/Spell Icons/Void/air-burst-magenta-2.png using Guid(0adccdcd0a4217f40a64c8f66d5efa72) Importer(815301076,1909f56bfc062723c751e8b465ee728b)  -> (artifact id: '8b9d038aa121598a1c02ace9d123c643') in 0.008967 seconds 
========================================================================
Received Import Request.
  Time since last request: 52.034767 seconds.
  path: Assets/Packages/Sprites/Spell Icons/Void/explosion-magenta-1.png
  artifactKey: Guid(50fe31644fad6d04180aeb968eecd148) Importer(815301076,1909f56bfc062723c751e8b465ee728b)
Start importing Assets/Packages/Sprites/Spell Icons/Void/explosion-magenta-1.png using Guid(50fe31644fad6d04180aeb968eecd148) Importer(815301076,1909f56bfc062723c751e8b465ee728b)  -> (artifact id: 'c7390a30b692b481be826388fa6e3ab6') in 0.010680 seconds 
========================================================================
Received Import Request.
  Time since last request: 0.000167 seconds.
  path: Assets/Packages/Sprites/Spell Icons/Void/explosion-magenta-3.png
  artifactKey: Guid(a938389e56aaeab4eb065755a099b229) Importer(815301076,1909f56bfc062723c751e8b465ee728b)
Start importing Assets/Packages/Sprites/Spell Icons/Void/explosion-magenta-3.png using Guid(a938389e56aaeab4eb065755a099b229) Importer(815301076,1909f56bfc062723c751e8b465ee728b)  -> (artifact id: 'f3129496d5c6d55d88f0bdf9d82f624a') in 0.008611 seconds 
========================================================================
Received Import Request.
  Time since last request: 0.000212 seconds.
  path: Assets/Packages/Sprites/Spell Icons/Void/explosion-magenta-2.png
  artifactKey: Guid(e1429a1144c24ab418dae9e0ce2276b8) Importer(815301076,1909f56bfc062723c751e8b465ee728b)
Start importing Assets/Packages/Sprites/Spell Icons/Void/explosion-magenta-2.png using Guid(e1429a1144c24ab418dae9e0ce2276b8) Importer(815301076,1909f56bfc062723c751e8b465ee728b)  -> (artifact id: '7341211195a09b1bf7634dd3b789be82') in 0.008530 seconds 
========================================================================
Received Import Request.
  Time since last request: 20.441458 seconds.
  path: Assets/Packages/Sprites/Spell Icons/Void/light-magenta-1.png
  artifactKey: Guid(634f718f3661f6947b3bb3d271409203) Importer(815301076,1909f56bfc062723c751e8b465ee728b)
Start importing Assets/Packages/Sprites/Spell Icons/Void/light-magenta-1.png using Guid(634f718f3661f6947b3bb3d271409203) Importer(815301076,1909f56bfc062723c751e8b465ee728b)  -> (artifact id: '9383e7de76d75fdc4c5df3c7ccf4e6cd') in 0.009312 seconds 
========================================================================
Received Import Request.
  Time since last request: 0.000216 seconds.
  path: Assets/Packages/Sprites/Spell Icons/Void/light-magenta-3.png
  artifactKey: Guid(299e3d614b0975b49a112c077d7e116d) Importer(815301076,1909f56bfc062723c751e8b465ee728b)
Start importing Assets/Packages/Sprites/Spell Icons/Void/light-magenta-3.png using Guid(299e3d614b0975b49a112c077d7e116d) Importer(815301076,1909f56bfc062723c751e8b465ee728b)  -> (artifact id: '3763060fe368643a115f9e839cfa3a62') in 0.008478 seconds 
========================================================================
Received Import Request.
  Time since last request: 0.000227 seconds.
  path: Assets/Packages/Sprites/Spell Icons/Void/light-magenta-2.png
  artifactKey: Guid(7ef6af9478872054ab932b933678389a) Importer(815301076,1909f56bfc062723c751e8b465ee728b)
Start importing Assets/Packages/Sprites/Spell Icons/Void/light-magenta-2.png using Guid(7ef6af9478872054ab932b933678389a) Importer(815301076,1909f56bfc062723c751e8b465ee728b)  -> (artifact id: 'ab299b874aada9ab80df60900f43d724') in 0.008282 seconds 
========================================================================
Received Import Request.
  Time since last request: 25.038811 seconds.
  path: Assets/Packages/Sprites/Spell Icons/Void/fog-magenta-1.png
  artifactKey: Guid(f06e6c33bc6ee3a44b49950fc7de836f) Importer(815301076,1909f56bfc062723c751e8b465ee728b)
Start importing Assets/Packages/Sprites/Spell Icons/Void/fog-magenta-1.png using Guid(f06e6c33bc6ee3a44b49950fc7de836f) Importer(815301076,1909f56bfc062723c751e8b465ee728b)  -> (artifact id: '1fbfa9fe62ce03b80045a0d0920aff7e') in 0.009553 seconds 
========================================================================
Received Import Request.
  Time since last request: 0.000154 seconds.
  path: Assets/Packages/Sprites/Spell Icons/Void/fog-magenta-3.png
  artifactKey: Guid(6beaf24382d84c34cbafe75c32a0212d) Importer(815301076,1909f56bfc062723c751e8b465ee728b)
Start importing Assets/Packages/Sprites/Spell Icons/Void/fog-magenta-3.png using Guid(6beaf24382d84c34cbafe75c32a0212d) Importer(815301076,1909f56bfc062723c751e8b465ee728b)  -> (artifact id: '01fb04c7bff49d262f81154caa676adc') in 0.009095 seconds 
========================================================================
Received Import Request.
  Time since last request: 0.000198 seconds.
  path: Assets/Packages/Sprites/Spell Icons/Void/fog-magenta-2.png
  artifactKey: Guid(707fbcf5a1ba9804187b143ff8266f37) Importer(815301076,1909f56bfc062723c751e8b465ee728b)
Start importing Assets/Packages/Sprites/Spell Icons/Void/fog-magenta-2.png using Guid(707fbcf5a1ba9804187b143ff8266f37) Importer(815301076,1909f56bfc062723c751e8b465ee728b)  -> (artifact id: '1f6d1fa399630016213999e7b8931089') in 0.008742 seconds 
========================================================================
Received Import Request.
  Time since last request: 20.826953 seconds.
  path: Assets/Packages/Sprites/Spell Icons/Void/swirl-chaos-1.png
  artifactKey: Guid(9beaaf6b45f1d3348ab11a4c3ada6213) Importer(815301076,1909f56bfc062723c751e8b465ee728b)
Start importing Assets/Packages/Sprites/Spell Icons/Void/swirl-chaos-1.png using Guid(9beaaf6b45f1d3348ab11a4c3ada6213) Importer(815301076,1909f56bfc062723c751e8b465ee728b)  -> (artifact id: 'b7b5a72f7cba83a1755b3696b6d2019e') in 0.009640 seconds 
========================================================================
Received Import Request.
  Time since last request: 15.881863 seconds.
  path: Assets/Packages/Sprites/Spell Icons/Void/swirl-1.png
  artifactKey: Guid(9beaaf6b45f1d3348ab11a4c3ada6213) Importer(815301076,1909f56bfc062723c751e8b465ee728b)
Start importing Assets/Packages/Sprites/Spell Icons/Void/swirl-1.png using Guid(9beaaf6b45f1d3348ab11a4c3ada6213) Importer(815301076,1909f56bfc062723c751e8b465ee728b)  -> (artifact id: '294c997f029a87a808222ffdaca6b032') in 0.009662 seconds 
========================================================================
Received Import Request.
  Time since last request: 5.901552 seconds.
  path: Assets/Packages/Sprites/Spell Icons/Void/swirl-2.png
  artifactKey: Guid(0adccdcd0a4217f40a64c8f66d5efa72) Importer(815301076,1909f56bfc062723c751e8b465ee728b)
Start importing Assets/Packages/Sprites/Spell Icons/Void/swirl-2.png using Guid(0adccdcd0a4217f40a64c8f66d5efa72) Importer(815301076,1909f56bfc062723c751e8b465ee728b)  -> (artifact id: 'ed27b2d0dc89d8592749706c1e99cfb2') in 0.011051 seconds 
========================================================================
Received Import Request.
  Time since last request: 6.884903 seconds.
  path: Assets/Packages/Sprites/Spell Icons/Void/swirl-3.png
  artifactKey: Guid(e211d8fe66646e846bef9cfc2cc91499) Importer(815301076,1909f56bfc062723c751e8b465ee728b)
Start importing Assets/Packages/Sprites/Spell Icons/Void/swirl-3.png using Guid(e211d8fe66646e846bef9cfc2cc91499) Importer(815301076,1909f56bfc062723c751e8b465ee728b)  -> (artifact id: 'e070531e3b5ca4b5df54d7b3ece14cf4') in 0.009884 seconds 
========================================================================
Received Import Request.
  Time since last request: 10.166299 seconds.
  path: Assets/Packages/Sprites/Spell Icons/Void/pull-1.png
  artifactKey: Guid(634f718f3661f6947b3bb3d271409203) Importer(815301076,1909f56bfc062723c751e8b465ee728b)
Start importing Assets/Packages/Sprites/Spell Icons/Void/pull-1.png using Guid(634f718f3661f6947b3bb3d271409203) Importer(815301076,1909f56bfc062723c751e8b465ee728b)  -> (artifact id: '346fa0277c2c9cfae9279e0dd1e344a8') in 0.009599 seconds 
========================================================================
Received Import Request.
  Time since last request: 5.719156 seconds.
  path: Assets/Packages/Sprites/Spell Icons/Void/pull-2.png
  artifactKey: Guid(7ef6af9478872054ab932b933678389a) Importer(815301076,1909f56bfc062723c751e8b465ee728b)
Start importing Assets/Packages/Sprites/Spell Icons/Void/pull-2.png using Guid(7ef6af9478872054ab932b933678389a) Importer(815301076,1909f56bfc062723c751e8b465ee728b)  -> (artifact id: '3a50935d39f8e56512bc93d97dffb84e') in 0.009193 seconds 
========================================================================
Received Import Request.
  Time since last request: 6.126507 seconds.
  path: Assets/Packages/Sprites/Spell Icons/Void/pull-3.png
  artifactKey: Guid(299e3d614b0975b49a112c077d7e116d) Importer(815301076,1909f56bfc062723c751e8b465ee728b)
Start importing Assets/Packages/Sprites/Spell Icons/Void/pull-3.png using Guid(299e3d614b0975b49a112c077d7e116d) Importer(815301076,1909f56bfc062723c751e8b465ee728b)  -> (artifact id: 'a84b306e0e9960c8c12bcd2b0a314f71') in 0.009231 seconds 
========================================================================
Received Import Request.
  Time since last request: 5.549159 seconds.
  path: Assets/Packages/Sprites/Spell Icons/Void/grav-1.png
  artifactKey: Guid(f06e6c33bc6ee3a44b49950fc7de836f) Importer(815301076,1909f56bfc062723c751e8b465ee728b)
Start importing Assets/Packages/Sprites/Spell Icons/Void/grav-1.png using Guid(f06e6c33bc6ee3a44b49950fc7de836f) Importer(815301076,1909f56bfc062723c751e8b465ee728b)  -> (artifact id: 'f06add2ffb7c9a1b29f47ccbc5075213') in 0.009100 seconds 
========================================================================
Received Import Request.
  Time since last request: 4.256011 seconds.
  path: Assets/Packages/Sprites/Spell Icons/Void/grav-2.png
  artifactKey: Guid(707fbcf5a1ba9804187b143ff8266f37) Importer(815301076,1909f56bfc062723c751e8b465ee728b)
Start importing Assets/Packages/Sprites/Spell Icons/Void/grav-2.png using Guid(707fbcf5a1ba9804187b143ff8266f37) Importer(815301076,1909f56bfc062723c751e8b465ee728b)  -> (artifact id: '3720cd46361129cafd73341773c569f2') in 0.009512 seconds 
========================================================================
Received Import Request.
  Time since last request: 4.395468 seconds.
  path: Assets/Packages/Sprites/Spell Icons/Void/grav-3.png
  artifactKey: Guid(6beaf24382d84c34cbafe75c32a0212d) Importer(815301076,1909f56bfc062723c751e8b465ee728b)
Start importing Assets/Packages/Sprites/Spell Icons/Void/grav-3.png using Guid(6beaf24382d84c34cbafe75c32a0212d) Importer(815301076,1909f56bfc062723c751e8b465ee728b)  -> (artifact id: '0e2d8bef62727f10cd6d6528d77066dc') in 0.009428 seconds 
========================================================================
Received Import Request.
  Time since last request: 19.383090 seconds.
  path: Assets/Packages/Sprites/Spell Icons/Sun/beam-orange-1.png
  artifactKey: Guid(4aefc3eb1397f344cb3d2acba4ae2aef) Importer(815301076,1909f56bfc062723c751e8b465ee728b)
Start importing Assets/Packages/Sprites/Spell Icons/Sun/beam-orange-1.png using Guid(4aefc3eb1397f344cb3d2acba4ae2aef) Importer(815301076,1909f56bfc062723c751e8b465ee728b)  -> (artifact id: 'ae4d2084885678cdf5ac55344aad02dc') in 0.010561 seconds 
========================================================================
Received Import Request.
  Time since last request: 0.000192 seconds.
  path: Assets/Packages/Sprites/Spell Icons/Sun/beam-orange-2.png
  artifactKey: Guid(345a2aec46a812249bb9d8a90fcad384) Importer(815301076,1909f56bfc062723c751e8b465ee728b)
Start importing Assets/Packages/Sprites/Spell Icons/Sun/beam-orange-2.png using Guid(345a2aec46a812249bb9d8a90fcad384) Importer(815301076,1909f56bfc062723c751e8b465ee728b)  -> (artifact id: 'e7e2e1cc4d24440038521401523a6a1a') in 0.008772 seconds 
========================================================================
Received Import Request.
  Time since last request: 0.000191 seconds.
  path: Assets/Packages/Sprites/Spell Icons/Sun/beam-orange-3.png
  artifactKey: Guid(de2a2b49f2324b64583364a6c322bb0a) Importer(815301076,1909f56bfc062723c751e8b465ee728b)
Start importing Assets/Packages/Sprites/Spell Icons/Sun/beam-orange-3.png using Guid(de2a2b49f2324b64583364a6c322bb0a) Importer(815301076,1909f56bfc062723c751e8b465ee728b)  -> (artifact id: '6a4e0709920e31f6ebab9bbb38228a52') in 0.009019 seconds 
========================================================================
Received Import Request.
  Time since last request: 58.449687 seconds.
  path: Assets/Packages/Sprites/Spell Icons/Sun/shielding-fire-1.png
  artifactKey: Guid(d0b57bb825bc956499a864b46049afe7) Importer(815301076,1909f56bfc062723c751e8b465ee728b)
Start importing Assets/Packages/Sprites/Spell Icons/Sun/shielding-fire-1.png using Guid(d0b57bb825bc956499a864b46049afe7) Importer(815301076,1909f56bfc062723c751e8b465ee728b)  -> (artifact id: 'a574e7cd44488fdbb909ed3c50b8e77d') in 0.009906 seconds 
========================================================================
Received Import Request.
  Time since last request: 0.000198 seconds.
  path: Assets/Packages/Sprites/Spell Icons/Sun/shielding-fire-3.png
  artifactKey: Guid(419b3d56764fda64eb8e846966dd168d) Importer(815301076,1909f56bfc062723c751e8b465ee728b)
Start importing Assets/Packages/Sprites/Spell Icons/Sun/shielding-fire-3.png using Guid(419b3d56764fda64eb8e846966dd168d) Importer(815301076,1909f56bfc062723c751e8b465ee728b)  -> (artifact id: 'df8d2a95cefdf55dae7211c73f022892') in 0.009563 seconds 
========================================================================
Received Import Request.
  Time since last request: 0.000241 seconds.
  path: Assets/Packages/Sprites/Spell Icons/Sun/shielding-fire-2.png
  artifactKey: Guid(7d726a958cf657c469d8ecdf71fb5f02) Importer(815301076,1909f56bfc062723c751e8b465ee728b)
Start importing Assets/Packages/Sprites/Spell Icons/Sun/shielding-fire-2.png using Guid(7d726a958cf657c469d8ecdf71fb5f02) Importer(815301076,1909f56bfc062723c751e8b465ee728b)  -> (artifact id: '7e960d9ee7b635f86996a04ab16210ee') in 0.009258 seconds 
========================================================================
Received Import Request.
  Time since last request: 29.876028 seconds.
  path: Assets/Packages/Sprites/Spell Icons/Sun/explosion-red-1.png
  artifactKey: Guid(91f257b4d6d29714998adcecf1c0d370) Importer(815301076,1909f56bfc062723c751e8b465ee728b)
Start importing Assets/Packages/Sprites/Spell Icons/Sun/explosion-red-1.png using Guid(91f257b4d6d29714998adcecf1c0d370) Importer(815301076,1909f56bfc062723c751e8b465ee728b)  -> (artifact id: '426f69510f75b0dfb6ec030202424a0c') in 0.010533 seconds 
========================================================================
Received Import Request.
  Time since last request: 0.000175 seconds.
  path: Assets/Packages/Sprites/Spell Icons/Sun/explosion-red-2.png
  artifactKey: Guid(39168cf3aab653a42a577503a2f23e26) Importer(815301076,1909f56bfc062723c751e8b465ee728b)
Start importing Assets/Packages/Sprites/Spell Icons/Sun/explosion-red-2.png using Guid(39168cf3aab653a42a577503a2f23e26) Importer(815301076,1909f56bfc062723c751e8b465ee728b)  -> (artifact id: 'db61d30724bbe8c2a293a6aee9fd5037') in 0.009064 seconds 
========================================================================
Received Import Request.
  Time since last request: 0.000257 seconds.
  path: Assets/Packages/Sprites/Spell Icons/Sun/explosion-red-3.png
  artifactKey: Guid(9af296380274ff74992a54c94d15c494) Importer(815301076,1909f56bfc062723c751e8b465ee728b)
Start importing Assets/Packages/Sprites/Spell Icons/Sun/explosion-red-3.png using Guid(9af296380274ff74992a54c94d15c494) Importer(815301076,1909f56bfc062723c751e8b465ee728b)  -> (artifact id: 'e2934adb7c544f64eff309140c71a171') in 0.009599 seconds 
========================================================================
Received Import Request.
  Time since last request: 21.035538 seconds.
  path: Assets/Packages/Sprites/Spell Icons/Sun/beam-1.png
  artifactKey: Guid(4aefc3eb1397f344cb3d2acba4ae2aef) Importer(815301076,1909f56bfc062723c751e8b465ee728b)
Start importing Assets/Packages/Sprites/Spell Icons/Sun/beam-1.png using Guid(4aefc3eb1397f344cb3d2acba4ae2aef) Importer(815301076,1909f56bfc062723c751e8b465ee728b)  -> (artifact id: 'efe4acfdda0ab6d3d5a357fdc7482946') in 0.009172 seconds 
========================================================================
Received Import Request.
  Time since last request: 4.314139 seconds.
  path: Assets/Packages/Sprites/Spell Icons/Sun/beam-2.png
  artifactKey: Guid(345a2aec46a812249bb9d8a90fcad384) Importer(815301076,1909f56bfc062723c751e8b465ee728b)
Start importing Assets/Packages/Sprites/Spell Icons/Sun/beam-2.png using Guid(345a2aec46a812249bb9d8a90fcad384) Importer(815301076,1909f56bfc062723c751e8b465ee728b)  -> (artifact id: '2bc53837d80a4a4190d0e637b331ad0d') in 0.010027 seconds 
========================================================================
Received Import Request.
  Time since last request: 4.569308 seconds.
  path: Assets/Packages/Sprites/Spell Icons/Sun/beam-3.png
  artifactKey: Guid(de2a2b49f2324b64583364a6c322bb0a) Importer(815301076,1909f56bfc062723c751e8b465ee728b)
Start importing Assets/Packages/Sprites/Spell Icons/Sun/beam-3.png using Guid(de2a2b49f2324b64583364a6c322bb0a) Importer(815301076,1909f56bfc062723c751e8b465ee728b)  -> (artifact id: '46c6cfd2e7364d478698b8ff4295e242') in 0.008995 seconds 
========================================================================
Received Import Request.
  Time since last request: 86.901519 seconds.
  path: Assets/Packages/Sprites/Spell Icons/Sun/flare-1.png
  artifactKey: Guid(91f257b4d6d29714998adcecf1c0d370) Importer(815301076,1909f56bfc062723c751e8b465ee728b)
Start importing Assets/Packages/Sprites/Spell Icons/Sun/flare-1.png using Guid(91f257b4d6d29714998adcecf1c0d370) Importer(815301076,1909f56bfc062723c751e8b465ee728b)  -> (artifact id: '25c42a099d89d8cfcc59d56740071c38') in 0.011496 seconds 
========================================================================
Received Import Request.
  Time since last request: 4.803596 seconds.
  path: Assets/Packages/Sprites/Spell Icons/Sun/flare-2.png
  artifactKey: Guid(39168cf3aab653a42a577503a2f23e26) Importer(815301076,1909f56bfc062723c751e8b465ee728b)
Start importing Assets/Packages/Sprites/Spell Icons/Sun/flare-2.png using Guid(39168cf3aab653a42a577503a2f23e26) Importer(815301076,1909f56bfc062723c751e8b465ee728b)  -> (artifact id: '7cb6864ecb09bb5776ad2c67d8277919') in 0.008998 seconds 
========================================================================
Received Import Request.
  Time since last request: 4.816396 seconds.
  path: Assets/Packages/Sprites/Spell Icons/Sun/flare-3.png
  artifactKey: Guid(9af296380274ff74992a54c94d15c494) Importer(815301076,1909f56bfc062723c751e8b465ee728b)
Start importing Assets/Packages/Sprites/Spell Icons/Sun/flare-3.png using Guid(9af296380274ff74992a54c94d15c494) Importer(815301076,1909f56bfc062723c751e8b465ee728b)  -> (artifact id: 'df0701639aae8b3a54808d595e70fd2e') in 0.009931 seconds 
========================================================================
Received Import Request.
  Time since last request: 5.871405 seconds.
  path: Assets/Packages/Sprites/Spell Icons/Sun/heatwave-1.png
  artifactKey: Guid(d0b57bb825bc956499a864b46049afe7) Importer(815301076,1909f56bfc062723c751e8b465ee728b)
Start importing Assets/Packages/Sprites/Spell Icons/Sun/heatwave-1.png using Guid(d0b57bb825bc956499a864b46049afe7) Importer(815301076,1909f56bfc062723c751e8b465ee728b)  -> (artifact id: '79101c21080319337049c9ccec10da19') in 0.009121 seconds 
========================================================================
Received Import Request.
  Time since last request: 7.087689 seconds.
  path: Assets/Packages/Sprites/Spell Icons/Sun/heatwave-2.png
  artifactKey: Guid(7d726a958cf657c469d8ecdf71fb5f02) Importer(815301076,1909f56bfc062723c751e8b465ee728b)
Start importing Assets/Packages/Sprites/Spell Icons/Sun/heatwave-2.png using Guid(7d726a958cf657c469d8ecdf71fb5f02) Importer(815301076,1909f56bfc062723c751e8b465ee728b)  -> (artifact id: '1a38079cd3b374a787f51d713fefc5b1') in 0.010081 seconds 
========================================================================
Received Import Request.
  Time since last request: 6.826049 seconds.
  path: Assets/Packages/Sprites/Spell Icons/Sun/heat-1.png
  artifactKey: Guid(d0b57bb825bc956499a864b46049afe7) Importer(815301076,1909f56bfc062723c751e8b465ee728b)
Start importing Assets/Packages/Sprites/Spell Icons/Sun/heat-1.png using Guid(d0b57bb825bc956499a864b46049afe7) Importer(815301076,1909f56bfc062723c751e8b465ee728b)  -> (artifact id: 'fa973f686acc5f9787195eebc15b6364') in 0.009342 seconds 
========================================================================
Received Import Request.
  Time since last request: 4.403494 seconds.
  path: Assets/Packages/Sprites/Spell Icons/Sun/heat-2.png
  artifactKey: Guid(7d726a958cf657c469d8ecdf71fb5f02) Importer(815301076,1909f56bfc062723c751e8b465ee728b)
Start importing Assets/Packages/Sprites/Spell Icons/Sun/heat-2.png using Guid(7d726a958cf657c469d8ecdf71fb5f02) Importer(815301076,1909f56bfc062723c751e8b465ee728b)  -> (artifact id: '868cfc1a6437148881a6a2d2e47da6ca') in 0.009084 seconds 
========================================================================
Received Import Request.
  Time since last request: 4.857079 seconds.
  path: Assets/Packages/Sprites/Spell Icons/Sun/heat-3.png
  artifactKey: Guid(419b3d56764fda64eb8e846966dd168d) Importer(815301076,1909f56bfc062723c751e8b465ee728b)
Start importing Assets/Packages/Sprites/Spell Icons/Sun/heat-3.png using Guid(419b3d56764fda64eb8e846966dd168d) Importer(815301076,1909f56bfc062723c751e8b465ee728b)  -> (artifact id: 'dfa50cae1c46baeba895d23041d101bb') in 0.009910 seconds 
========================================================================
Received Import Request.
  Time since last request: 47.858642 seconds.
  path: Assets/Packages/Sprites/Spell Icons/Chaos/light-sky-1.png
  artifactKey: Guid(b8a6abde94d658d40b0cc842772f29f5) Importer(815301076,1909f56bfc062723c751e8b465ee728b)
Start importing Assets/Packages/Sprites/Spell Icons/Chaos/light-sky-1.png using Guid(b8a6abde94d658d40b0cc842772f29f5) Importer(815301076,1909f56bfc062723c751e8b465ee728b)  -> (artifact id: 'ad2363d7807fd314e996cf0663eb131b') in 0.010607 seconds 
========================================================================
Received Import Request.
  Time since last request: 0.000196 seconds.
  path: Assets/Packages/Sprites/Spell Icons/Chaos/light-sky-3.png
  artifactKey: Guid(c2da7a649bfc993449db38850d1fd0bf) Importer(815301076,1909f56bfc062723c751e8b465ee728b)
Start importing Assets/Packages/Sprites/Spell Icons/Chaos/light-sky-3.png using Guid(c2da7a649bfc993449db38850d1fd0bf) Importer(815301076,1909f56bfc062723c751e8b465ee728b)  -> (artifact id: '20500d639225019a0784e24c28a231cc') in 0.009033 seconds 
========================================================================
Received Import Request.
  Time since last request: 0.000283 seconds.
  path: Assets/Packages/Sprites/Spell Icons/Chaos/light-sky-2.png
  artifactKey: Guid(08109ca1e22ca9647a79a422b052e170) Importer(815301076,1909f56bfc062723c751e8b465ee728b)
Start importing Assets/Packages/Sprites/Spell Icons/Chaos/light-sky-2.png using Guid(08109ca1e22ca9647a79a422b052e170) Importer(815301076,1909f56bfc062723c751e8b465ee728b)  -> (artifact id: '7e05e60d79282b5cb611e85a647b5aa1') in 0.009221 seconds 
========================================================================
Received Import Request.
  Time since last request: 86.748140 seconds.
  path: Assets/Packages/Sprites/Spell Icons/Chaos/air-burst-sky-1.png
  artifactKey: Guid(b90f6b3c279a94a499cf6742863b82a3) Importer(815301076,1909f56bfc062723c751e8b465ee728b)
Start importing Assets/Packages/Sprites/Spell Icons/Chaos/air-burst-sky-1.png using Guid(b90f6b3c279a94a499cf6742863b82a3) Importer(815301076,1909f56bfc062723c751e8b465ee728b)  -> (artifact id: '5d0c841c28d5438d52f3dc25902a8192') in 0.011389 seconds 
========================================================================
Received Import Request.
  Time since last request: 0.000184 seconds.
  path: Assets/Packages/Sprites/Spell Icons/Chaos/air-burst-sky-2.png
  artifactKey: Guid(c7839a6c66b98524f816d848a362391b) Importer(815301076,1909f56bfc062723c751e8b465ee728b)
Start importing Assets/Packages/Sprites/Spell Icons/Chaos/air-burst-sky-2.png using Guid(c7839a6c66b98524f816d848a362391b) Importer(815301076,1909f56bfc062723c751e8b465ee728b)  -> (artifact id: '62685aafbb58fffafe26c170c005d9e2') in 0.009158 seconds 
========================================================================
Received Import Request.
  Time since last request: 0.000256 seconds.
  path: Assets/Packages/Sprites/Spell Icons/Chaos/air-burst-sky-3.png
  artifactKey: Guid(b4201bca7624bc04fa8a28b1a8734c55) Importer(815301076,1909f56bfc062723c751e8b465ee728b)
Start importing Assets/Packages/Sprites/Spell Icons/Chaos/air-burst-sky-3.png using Guid(b4201bca7624bc04fa8a28b1a8734c55) Importer(815301076,1909f56bfc062723c751e8b465ee728b)  -> (artifact id: 'b6c2182112e6bd328ff2300080b7a4d5') in 0.009607 seconds 
========================================================================
Received Import Request.
  Time since last request: 39.029617 seconds.
  path: Assets/Packages/Sprites/Spell Icons/Chaos/heal-sky-1.png
  artifactKey: Guid(6ba253cab90a50948b1f215915140512) Importer(815301076,1909f56bfc062723c751e8b465ee728b)
Start importing Assets/Packages/Sprites/Spell Icons/Chaos/heal-sky-1.png using Guid(6ba253cab90a50948b1f215915140512) Importer(815301076,1909f56bfc062723c751e8b465ee728b)  -> (artifact id: '6b8050cac5843f1697d189a27e8873ce') in 0.009907 seconds 
========================================================================
Received Import Request.
  Time since last request: 0.000158 seconds.
  path: Assets/Packages/Sprites/Spell Icons/Chaos/heal-sky-2.png
  artifactKey: Guid(5ea6878986bf2ff4c969bc615ea794b5) Importer(815301076,1909f56bfc062723c751e8b465ee728b)
Start importing Assets/Packages/Sprites/Spell Icons/Chaos/heal-sky-2.png using Guid(5ea6878986bf2ff4c969bc615ea794b5) Importer(815301076,1909f56bfc062723c751e8b465ee728b)  -> (artifact id: 'fe3916a3f0d0222b6342d1dc192d8bf2') in 0.009750 seconds 
========================================================================
Received Import Request.
  Time since last request: 0.000226 seconds.
  path: Assets/Packages/Sprites/Spell Icons/Chaos/heal-sky-3.png
  artifactKey: Guid(b85c9b5beac2d6641aae811515a6680d) Importer(815301076,1909f56bfc062723c751e8b465ee728b)
Start importing Assets/Packages/Sprites/Spell Icons/Chaos/heal-sky-3.png using Guid(b85c9b5beac2d6641aae811515a6680d) Importer(815301076,1909f56bfc062723c751e8b465ee728b)  -> (artifact id: '51153b76ed8524aa6db911ed91c70c92') in 0.009783 seconds 
========================================================================
Received Import Request.
  Time since last request: 58.180893 seconds.
  path: Assets/Packages/Sprites/Spell Icons/Chaos/needles-sky-1.png
  artifactKey: Guid(4de14e5f6d54dc14ca27e173daf9826a) Importer(815301076,1909f56bfc062723c751e8b465ee728b)
Start importing Assets/Packages/Sprites/Spell Icons/Chaos/needles-sky-1.png using Guid(4de14e5f6d54dc14ca27e173daf9826a) Importer(815301076,1909f56bfc062723c751e8b465ee728b)  -> (artifact id: '8ac20cd8892ae886ad37e08b3afd5021') in 0.009768 seconds 
========================================================================
Received Import Request.
  Time since last request: 0.000242 seconds.
  path: Assets/Packages/Sprites/Spell Icons/Chaos/needles-sky-3.png
  artifactKey: Guid(ba88b7b001d750f49be4262cd3cac59e) Importer(815301076,1909f56bfc062723c751e8b465ee728b)
Start importing Assets/Packages/Sprites/Spell Icons/Chaos/needles-sky-3.png using Guid(ba88b7b001d750f49be4262cd3cac59e) Importer(815301076,1909f56bfc062723c751e8b465ee728b)  -> (artifact id: 'e8c41001812ed4de0e0393a08bb8e6b4') in 0.009245 seconds 
========================================================================
Received Import Request.
  Time since last request: 0.000244 seconds.
  path: Assets/Packages/Sprites/Spell Icons/Chaos/needles-sky-2.png
  artifactKey: Guid(b78afdcb4750c60419d4dce4915c076d) Importer(815301076,1909f56bfc062723c751e8b465ee728b)
Start importing Assets/Packages/Sprites/Spell Icons/Chaos/needles-sky-2.png using Guid(b78afdcb4750c60419d4dce4915c076d) Importer(815301076,1909f56bfc062723c751e8b465ee728b)  -> (artifact id: '40940bdab470af11e55856693f3c3c54') in 0.009125 seconds 
========================================================================
Received Import Request.
  Time since last request: 9.773898 seconds.
  path: Assets/Packages/Sprites/Spell Icons/Chaos/push-1.png
  artifactKey: Guid(4de14e5f6d54dc14ca27e173daf9826a) Importer(815301076,1909f56bfc062723c751e8b465ee728b)
Start importing Assets/Packages/Sprites/Spell Icons/Chaos/push-1.png using Guid(4de14e5f6d54dc14ca27e173daf9826a) Importer(815301076,1909f56bfc062723c751e8b465ee728b)  -> (artifact id: 'aeb9ab560a5aa3059d04a434ef54eb68') in 0.009458 seconds 
========================================================================
Received Import Request.
  Time since last request: 6.706551 seconds.
  path: Assets/Packages/Sprites/Spell Icons/Chaos/push-2.png
  artifactKey: Guid(b78afdcb4750c60419d4dce4915c076d) Importer(815301076,1909f56bfc062723c751e8b465ee728b)
Start importing Assets/Packages/Sprites/Spell Icons/Chaos/push-2.png using Guid(b78afdcb4750c60419d4dce4915c076d) Importer(815301076,1909f56bfc062723c751e8b465ee728b)  -> (artifact id: '6d6371653a1224fff68ebc1538bbd43e') in 0.009164 seconds 
========================================================================
Received Import Request.
  Time since last request: 5.967562 seconds.
  path: Assets/Packages/Sprites/Spell Icons/Chaos/push-3.png
  artifactKey: Guid(ba88b7b001d750f49be4262cd3cac59e) Importer(815301076,1909f56bfc062723c751e8b465ee728b)
Start importing Assets/Packages/Sprites/Spell Icons/Chaos/push-3.png using Guid(ba88b7b001d750f49be4262cd3cac59e) Importer(815301076,1909f56bfc062723c751e8b465ee728b)  -> (artifact id: 'd57255c5f695e779e650285f7eea8cdf') in 0.010798 seconds 
========================================================================
Received Import Request.
  Time since last request: 6.365257 seconds.
  path: Assets/Packages/Sprites/Spell Icons/Chaos/pull-1.png
  artifactKey: Guid(b8a6abde94d658d40b0cc842772f29f5) Importer(815301076,1909f56bfc062723c751e8b465ee728b)
Start importing Assets/Packages/Sprites/Spell Icons/Chaos/pull-1.png using Guid(b8a6abde94d658d40b0cc842772f29f5) Importer(815301076,1909f56bfc062723c751e8b465ee728b)  -> (artifact id: '7ffdd34edcbdcd899a72eca390e42dba') in 0.008993 seconds 
========================================================================
Received Import Request.
  Time since last request: 4.491359 seconds.
  path: Assets/Packages/Sprites/Spell Icons/Chaos/pull-2.png
  artifactKey: Guid(08109ca1e22ca9647a79a422b052e170) Importer(815301076,1909f56bfc062723c751e8b465ee728b)
Start importing Assets/Packages/Sprites/Spell Icons/Chaos/pull-2.png using Guid(08109ca1e22ca9647a79a422b052e170) Importer(815301076,1909f56bfc062723c751e8b465ee728b)  -> (artifact id: '1c870905b2d26a98ecfff78849c2f324') in 0.007975 seconds 
========================================================================
Received Import Request.
  Time since last request: 4.720085 seconds.
  path: Assets/Packages/Sprites/Spell Icons/Chaos/pull-3.png
  artifactKey: Guid(c2da7a649bfc993449db38850d1fd0bf) Importer(815301076,1909f56bfc062723c751e8b465ee728b)
Start importing Assets/Packages/Sprites/Spell Icons/Chaos/pull-3.png using Guid(c2da7a649bfc993449db38850d1fd0bf) Importer(815301076,1909f56bfc062723c751e8b465ee728b)  -> (artifact id: 'ba8aad0772c1b5036ab5523d19cf52ec') in 0.008520 seconds 
========================================================================
Received Import Request.
  Time since last request: 4.767373 seconds.
  path: Assets/Packages/Sprites/Spell Icons/Chaos/heal-1.png
  artifactKey: Guid(6ba253cab90a50948b1f215915140512) Importer(815301076,1909f56bfc062723c751e8b465ee728b)
Start importing Assets/Packages/Sprites/Spell Icons/Chaos/heal-1.png using Guid(6ba253cab90a50948b1f215915140512) Importer(815301076,1909f56bfc062723c751e8b465ee728b)  -> (artifact id: '6d419247a2e0221c5adcd508ce2620b0') in 0.008667 seconds 
========================================================================
Received Import Request.
  Time since last request: 4.042764 seconds.
  path: Assets/Packages/Sprites/Spell Icons/Chaos/heal-2.png
  artifactKey: Guid(5ea6878986bf2ff4c969bc615ea794b5) Importer(815301076,1909f56bfc062723c751e8b465ee728b)
Start importing Assets/Packages/Sprites/Spell Icons/Chaos/heal-2.png using Guid(5ea6878986bf2ff4c969bc615ea794b5) Importer(815301076,1909f56bfc062723c751e8b465ee728b)  -> (artifact id: 'cfbe996c02d53e17af945853bd259742') in 0.010222 seconds 
========================================================================
Received Import Request.
  Time since last request: 4.179800 seconds.
  path: Assets/Packages/Sprites/Spell Icons/Chaos/heal-3.png
  artifactKey: Guid(b85c9b5beac2d6641aae811515a6680d) Importer(815301076,1909f56bfc062723c751e8b465ee728b)
Start importing Assets/Packages/Sprites/Spell Icons/Chaos/heal-3.png using Guid(b85c9b5beac2d6641aae811515a6680d) Importer(815301076,1909f56bfc062723c751e8b465ee728b)  -> (artifact id: 'a7eab8996135e9b663887e9873fdc4ce') in 0.009991 seconds 
========================================================================
Received Prepare
Registering precompiled user dll's ...
Registered in 0.008316 seconds.
Begin MonoManager ReloadAssembly
Symbol file LoadedFromMemory doesn't match image C:\Users\ewanr\Documents\GitHub\fmp\fmp\Library\PackageCache\com.unity.visualscripting@1.6.1\Editor\VisualScripting.Core\Dependencies\YamlDotNet\Unity.VisualScripting.YamlDotNet.dll
Symbol file LoadedFromMemory doesn't match image C:\Users\ewanr\Documents\GitHub\fmp\fmp\Library\PackageCache\com.unity.visualscripting@1.6.1\Editor\VisualScripting.Core\Dependencies\DotNetZip\Unity.VisualScripting.IonicZip.dll
Native extension for WindowsStandalone target not found
Refreshing native plugins compatible for Editor in 1.05 ms, found 4 plugins.
Preloading 0 native plugins for Editor in 0.00 ms.
A PreviewRenderUtility was not clean up properly before assembly reloading which lead to leaking this scene in the Editor. This can be caused by not calling Cleanup() during the OnDisable of an Editor or an EditorWindow.
UnityEngine.StackTraceUtility:ExtractStackTrace ()
UnityEngine.DebugLogHandler:LogFormat (UnityEngine.LogType,UnityEngine.Object,string,object[])
UnityEngine.Logger:Log (UnityEngine.LogType,object)
UnityEngine.Debug:LogError (object)
UnityEditor.PreviewRenderUtility:Finalize ()

Unable to allocate new scene culling mask
UnityEngine.StackTraceUtility:ExtractStackTrace ()
UnityEditor.SceneManagement.EditorSceneManager:NewPreviewScene (bool)
UnityEditor.SceneManagement.EditorSceneManager:NewPreviewScene ()
UnityEditor.PreviewScene:.ctor (string)
UnityEditor.PreviewRenderUtility:.ctor ()
UnityEditor.Texture3DPreview:InitPreviewUtility ()
UnityEditor.Texture3DPreview:OnEnable ()

[C:\buildslave\unity\build\Editor/Src/SceneManager/EditorSceneManager.cpp line 672]

Unable to allocate new scene culling mask
UnityEngine.StackTraceUtility:ExtractStackTrace ()
UnityEditor.SceneManagement.EditorSceneManager:NewPreviewScene (bool)
UnityEditor.SceneManagement.EditorSceneManager:NewPreviewScene ()
UnityEditor.PreviewScene:.ctor (string)
UnityEditor.PreviewRenderUtility:.ctor ()
UnityEditor.Texture3DPreview:InitPreviewUtility ()
UnityEditor.Texture3DPreview:OnEnable ()

[C:\buildslave\unity\build\Editor/Src/SceneManager/EditorSceneManager.cpp line 672]

Unable to allocate new scene culling mask
UnityEngine.StackTraceUtility:ExtractStackTrace ()
UnityEditor.SceneManagement.EditorSceneManager:NewPreviewScene (bool)
UnityEditor.SceneManagement.EditorSceneManager:NewPreviewScene ()
UnityEditor.PreviewScene:.ctor (string)
UnityEditor.PreviewRenderUtility:.ctor ()
UnityEditor.Texture3DPreview:InitPreviewUtility ()
UnityEditor.Texture3DPreview:OnEnable ()

[C:\buildslave\unity\build\Editor/Src/SceneManager/EditorSceneManager.cpp line 672]

Unable to allocate new scene culling mask
UnityEngine.StackTraceUtility:ExtractStackTrace ()
UnityEditor.SceneManagement.EditorSceneManager:NewPreviewScene (bool)
UnityEditor.SceneManagement.EditorSceneManager:NewPreviewScene ()
UnityEditor.PreviewScene:.ctor (string)
UnityEditor.PreviewRenderUtility:.ctor ()
UnityEditor.Texture3DPreview:InitPreviewUtility ()
UnityEditor.Texture3DPreview:OnEnable ()

[C:\buildslave\unity\build\Editor/Src/SceneManager/EditorSceneManager.cpp line 672]

Unable to allocate new scene culling mask
UnityEngine.StackTraceUtility:ExtractStackTrace ()
UnityEditor.SceneManagement.EditorSceneManager:NewPreviewScene (bool)
UnityEditor.SceneManagement.EditorSceneManager:NewPreviewScene ()
UnityEditor.PreviewScene:.ctor (string)
UnityEditor.PreviewRenderUtility:.ctor ()
UnityEditor.Texture3DPreview:InitPreviewUtility ()
UnityEditor.Texture3DPreview:OnEnable ()

[C:\buildslave\unity\build\Editor/Src/SceneManager/EditorSceneManager.cpp line 672]

Unable to allocate new scene culling mask
UnityEngine.StackTraceUtility:ExtractStackTrace ()
UnityEditor.SceneManagement.EditorSceneManager:NewPreviewScene (bool)
UnityEditor.SceneManagement.EditorSceneManager:NewPreviewScene ()
UnityEditor.PreviewScene:.ctor (string)
UnityEditor.PreviewRenderUtility:.ctor ()
UnityEditor.Texture3DPreview:InitPreviewUtility ()
UnityEditor.Texture3DPreview:OnEnable ()

[C:\buildslave\unity\build\Editor/Src/SceneManager/EditorSceneManager.cpp line 672]

Unable to allocate new scene culling mask
UnityEngine.StackTraceUtility:ExtractStackTrace ()
UnityEditor.SceneManagement.EditorSceneManager:NewPreviewScene (bool)
UnityEditor.SceneManagement.EditorSceneManager:NewPreviewScene ()
UnityEditor.PreviewScene:.ctor (string)
UnityEditor.PreviewRenderUtility:.ctor ()
UnityEditor.Texture3DPreview:InitPreviewUtility ()
UnityEditor.Texture3DPreview:OnEnable ()

[C:\buildslave\unity\build\Editor/Src/SceneManager/EditorSceneManager.cpp line 672]

Mono: successfully reloaded assembly
- Completed reload, in  1.427 seconds
Domain Reload Profiling:
	ReloadAssembly (1428ms)
		BeginReloadAssembly (154ms)
			ExecutionOrderSort (0ms)
			DisableScriptedObjects (6ms)
			BackupInstance (0ms)
			ReleaseScriptingObjects (0ms)
			CreateAndSetChildDomain (49ms)
		EndReloadAssembly (1220ms)
			LoadAssemblies (100ms)
			RebuildTransferFunctionScriptingTraits (0ms)
			SetupTypeCache (409ms)
			ReleaseScriptCaches (2ms)
			RebuildScriptCaches (70ms)
			SetupLoadedEditorAssemblies (490ms)
				LogAssemblyErrors (0ms)
				InitializePlatformSupportModulesInManaged (4ms)
				SetLoadedEditorAssemblies (0ms)
				RefreshPlugins (1ms)
				BeforeProcessingInitializeOnLoad (82ms)
				ProcessInitializeOnLoadAttributes (392ms)
				ProcessInitializeOnLoadMethodAttributes (6ms)
				AfterProcessingInitializeOnLoad (4ms)
				EditorAssembliesLoaded (0ms)
			ExecutionOrderSort2 (0ms)
			AwakeInstancesAfterBackupRestoration (28ms)
Platform modules already initialized, skipping
Refreshing native plugins compatible for Editor in 1.06 ms, found 4 plugins.
Preloading 0 native plugins for Editor in 0.00 ms.
Unloading 5440 Unused Serialized files (Serialized files now loaded: 0)
System memory in use before: 249.9 MB.
System memory in use after: 250.4 MB.

Unloading 26 unused Assets to reduce memory usage. Loaded Objects now: 7084.
Total: 4.382900 ms (FindLiveObjects: 0.491700 ms CreateObjectMapping: 0.293700 ms MarkObjects: 3.562600 ms  DeleteObjects: 0.034200 ms)

AssetImportParameters requested are different than current active one (requested -> active):
  custom:framework-win-MediaFoundation: 216162199b28c13a410421893ffa2e32 -> 
  custom:video-decoder-ogg-theora: a1e56fd34408186e4bbccfd4996cb3dc -> 
  custom:container-muxer-webm: aa71ff27fc2769a1b78a27578f13a17b -> 
  custom:container-demuxer-webm: 4f35f7cbe854078d1ac9338744f61a02 -> 
  custom:container-demuxer-ogg: 62fdf1f143b41e24485cea50d1cbac27 -> 
  custom:video-encoder-webm-vp8: eb34c28f22e8b96e1ab97ce403110664 -> 
  custom:video-decoder-webm-vp8: 9c59270c3fd7afecdb556c50c9e8de78 -> 
  custom:audio-decoder-ogg-vorbis: bf7c407c2cedff20999df2af8eb42d56 -> 
  custom:audio-encoder-webm-vorbis: bf7c407c2cedff20999df2af8eb42d56 -> 
========================================================================
Received Prepare
Registering precompiled user dll's ...
Registered in 0.009198 seconds.
Begin MonoManager ReloadAssembly
Received signal SIGSEGV
Stack trace:
RtlLookupFunctionEntry returned NULL function. Aborting stack walk.
<Missing stacktrace information>

