Using pre-set license
Built from '2021.1/staging' branch; Version is '2021.1.18f1 (25bdc3efbc2d) revision 2473411'; Using compiler version '192528614'; Build Type 'Release'
OS: 'Windows 10 Education; OS build 19042.1586; Version 2009; 64bit' Language: 'en' Physical Memory: 8037 MB
BatchMode: 1, IsHumanControllingUs: 0, StartBugReporterOnCrash: 0, Is64bit: 1, IsPro: 0

COMMAND LINE ARGUMENTS:
C:\Program Files\Unity\Hub\Editor\2021.1.18f1\Editor\Unity.exe
-adb2
-batchMode
-noUpm
-name
AssetImportWorker11
-projectPath
C:/temp/projects/Final Major Project/fmp/fmp
-logFile
Logs/AssetImportWorker11.log
-srvPort
53690
Successfully changed project path to: C:/temp/projects/Final Major Project/fmp/fmp
C:/temp/projects/Final Major Project/fmp/fmp
Using Asset Import Pipeline V2.
Refreshing native plugins compatible for Editor in 257.10 ms, found 3 plugins.
Preloading 0 native plugins for Editor in 0.00 ms.
Initialize engine version: 2021.1.18f1 (25bdc3efbc2d)
[Subsystems] Discovering subsystems at path C:/Program Files/Unity/Hub/Editor/2021.1.18f1/Editor/Data/Resources/UnitySubsystems
[Subsystems] Discovering subsystems at path C:/temp/projects/Final Major Project/fmp/fmp/Assets
GfxDevice: creating device client; threaded=0; jobified=0
Direct3D:
    Version:  Direct3D 11.0 [level 11.1]
    Renderer: Intel(R) HD Graphics 530 (ID=0x1912)
    Vendor:   Intel
    VRAM:     4018 MB
    Driver:   27.20.100.9415
Initialize mono
Mono path[0] = 'C:/Program Files/Unity/Hub/Editor/2021.1.18f1/Editor/Data/Managed'
Mono path[1] = 'C:/Program Files/Unity/Hub/Editor/2021.1.18f1/Editor/Data/MonoBleedingEdge/lib/mono/unityjit'
Mono config path = 'C:/Program Files/Unity/Hub/Editor/2021.1.18f1/Editor/Data/MonoBleedingEdge/etc'
Using monoOptions --debugger-agent=transport=dt_socket,embedding=1,server=y,suspend=n,address=127.0.0.1:56416
Begin MonoManager ReloadAssembly
Registering precompiled unity dll's ...
Register platform support module: C:/Program Files/Unity/Hub/Editor/2021.1.18f1/Editor/Data/PlaybackEngines/WebGLSupport/UnityEditor.WebGL.Extensions.dll
Register platform support module: C:/Program Files/Unity/Hub/Editor/2021.1.18f1/Editor/Data/PlaybackEngines/MacStandaloneSupport/UnityEditor.OSXStandalone.Extensions.dll
Register platform support module: C:/Program Files/Unity/Hub/Editor/2021.1.18f1/Editor/Data/PlaybackEngines/WindowsStandaloneSupport/UnityEditor.WindowsStandalone.Extensions.dll
Register platform support module: C:/Program Files/Unity/Hub/Editor/2021.1.18f1/Editor/Data/PlaybackEngines/LinuxStandaloneSupport/UnityEditor.LinuxStandalone.Extensions.dll
Registered in 0.006103 seconds.
Native extension for LinuxStandalone target not found
Native extension for WindowsStandalone target not found
Native extension for OSXStandalone target not found
Native extension for WebGL target not found
Refreshing native plugins compatible for Editor in 198.61 ms, found 3 plugins.
Preloading 0 native plugins for Editor in 0.00 ms.
Mono: successfully reloaded assembly
- Completed reload, in  2.236 seconds
Domain Reload Profiling:
	ReloadAssembly (2236ms)
		BeginReloadAssembly (112ms)
			ExecutionOrderSort (0ms)
			DisableScriptedObjects (0ms)
			BackupInstance (0ms)
			ReleaseScriptingObjects (0ms)
			CreateAndSetChildDomain (1ms)
		EndReloadAssembly (716ms)
			LoadAssemblies (113ms)
			RebuildTransferFunctionScriptingTraits (0ms)
			SetupTypeCache (231ms)
			ReleaseScriptCaches (0ms)
			RebuildScriptCaches (42ms)
			SetupLoadedEditorAssemblies (381ms)
				LogAssemblyErrors (0ms)
				InitializePlatformSupportModulesInManaged (14ms)
				SetLoadedEditorAssemblies (0ms)
				RefreshPlugins (199ms)
				BeforeProcessingInitializeOnLoad (2ms)
				ProcessInitializeOnLoadAttributes (123ms)
				ProcessInitializeOnLoadMethodAttributes (43ms)
				AfterProcessingInitializeOnLoad (0ms)
				EditorAssembliesLoaded (0ms)
			ExecutionOrderSort2 (0ms)
			AwakeInstancesAfterBackupRestoration (0ms)
Platform modules already initialized, skipping
Registering precompiled user dll's ...
Registered in 0.012095 seconds.
Begin MonoManager ReloadAssembly
Symbol file LoadedFromMemory doesn't match image C:\temp\projects\Final Major Project\fmp\fmp\Library\PackageCache\com.unity.visualscripting@1.6.1\Editor\VisualScripting.Core\Dependencies\YamlDotNet\Unity.VisualScripting.YamlDotNet.dll
Symbol file LoadedFromMemory doesn't match image C:\temp\projects\Final Major Project\fmp\fmp\Library\PackageCache\com.unity.visualscripting@1.6.1\Editor\VisualScripting.Core\Dependencies\DotNetZip\Unity.VisualScripting.IonicZip.dll
Native extension for LinuxStandalone target not found
Native extension for WindowsStandalone target not found
Native extension for OSXStandalone target not found
Native extension for WebGL target not found
Refreshing native plugins compatible for Editor in 183.48 ms, found 3 plugins.
Preloading 0 native plugins for Editor in 0.00 ms.
Mono: successfully reloaded assembly
- Completed reload, in  2.918 seconds
Domain Reload Profiling:
	ReloadAssembly (2918ms)
		BeginReloadAssembly (225ms)
			ExecutionOrderSort (0ms)
			DisableScriptedObjects (6ms)
			BackupInstance (0ms)
			ReleaseScriptingObjects (0ms)
			CreateAndSetChildDomain (33ms)
		EndReloadAssembly (2612ms)
			LoadAssemblies (157ms)
			RebuildTransferFunctionScriptingTraits (0ms)
			SetupTypeCache (583ms)
			ReleaseScriptCaches (1ms)
			RebuildScriptCaches (123ms)
			SetupLoadedEditorAssemblies (1628ms)
				LogAssemblyErrors (0ms)
				InitializePlatformSupportModulesInManaged (8ms)
				SetLoadedEditorAssemblies (0ms)
				RefreshPlugins (184ms)
				BeforeProcessingInitializeOnLoad (161ms)
				ProcessInitializeOnLoadAttributes (1259ms)
				ProcessInitializeOnLoadMethodAttributes (8ms)
				AfterProcessingInitializeOnLoad (8ms)
				EditorAssembliesLoaded (0ms)
			ExecutionOrderSort2 (0ms)
			AwakeInstancesAfterBackupRestoration (9ms)
Platform modules already initialized, skipping
========================================================================
Worker process is ready to serve import requests
Launched and connected shader compiler UnityShaderCompiler.exe after 0.18 seconds
Refreshing native plugins compatible for Editor in 1.12 ms, found 3 plugins.
Preloading 0 native plugins for Editor in 0.00 ms.
Unloading 5364 Unused Serialized files (Serialized files now loaded: 0)
System memory in use before: 232.1 MB.
System memory in use after: 232.5 MB.

Unloading 30 unused Assets to reduce memory usage. Loaded Objects now: 5836.
Total: 17.774900 ms (FindLiveObjects: 1.316800 ms CreateObjectMapping: 0.889100 ms MarkObjects: 15.521600 ms  DeleteObjects: 0.043000 ms)

AssetImportParameters requested are different than current active one (requested -> active):
  custom:framework-win-MediaFoundation: 216162199b28c13a410421893ffa2e32 -> 
  custom:video-decoder-ogg-theora: a1e56fd34408186e4bbccfd4996cb3dc -> 
  custom:container-muxer-webm: aa71ff27fc2769a1b78a27578f13a17b -> 
  custom:container-demuxer-webm: 4f35f7cbe854078d1ac9338744f61a02 -> 
  custom:container-demuxer-ogg: 62fdf1f143b41e24485cea50d1cbac27 -> 
  custom:video-encoder-webm-vp8: eb34c28f22e8b96e1ab97ce403110664 -> 
  custom:video-decoder-webm-vp8: 9c59270c3fd7afecdb556c50c9e8de78 -> 
  custom:audio-decoder-ogg-vorbis: bf7c407c2cedff20999df2af8eb42d56 -> 
  custom:audio-encoder-webm-vorbis: bf7c407c2cedff20999df2af8eb42d56 -> 
========================================================================
Received Import Request.
  path: Assets/Packages/SpacePirate_normal.png
  artifactKey: Guid(9e0d7f599839ab145b4e750dda9854a9) Importer(815301076,1909f56bfc062723c751e8b465ee728b)
Start importing Assets/Packages/SpacePirate_normal.png using Guid(9e0d7f599839ab145b4e750dda9854a9) Importer(815301076,1909f56bfc062723c751e8b465ee728b)  -> (artifact id: '4defdf375747caf94ab7b31ec0af6521') in 0.171570 seconds 
========================================================================
Received Import Request.
  Time since last request: 0.000535 seconds.
  path: Assets/Packages/eve_j_gonzales.fbx
  artifactKey: Guid(282cc736687905541a997c5e92d863e8) Importer(815301076,1909f56bfc062723c751e8b465ee728b)
Start importing Assets/Packages/eve_j_gonzales.fbx using Guid(282cc736687905541a997c5e92d863e8) Importer(815301076,1909f56bfc062723c751e8b465ee728b)  -> (artifact id: 'f8ee1c04656a85331ff0649d64cb3bc9') in 0.628588 seconds 
========================================================================
Received Import Request.
  Time since last request: 0.000355 seconds.
  path: Assets/Packages/SpacePirate_M.mat
  artifactKey: Guid(21a354daf1377a446a3ae78385ae9a23) Importer(815301076,1909f56bfc062723c751e8b465ee728b)
Start importing Assets/Packages/SpacePirate_M.mat using Guid(21a354daf1377a446a3ae78385ae9a23) Importer(815301076,1909f56bfc062723c751e8b465ee728b)  -> (artifact id: '783fff1a477b6952120dcad5068bd28f') in 0.095917 seconds 
========================================================================
Received Import Request.
  Time since last request: 0.000662 seconds.
  path: Assets/Packages/SpacePirate_specular.png
  artifactKey: Guid(23cad3e92575f8641b684882e7208266) Importer(815301076,1909f56bfc062723c751e8b465ee728b)
Start importing Assets/Packages/SpacePirate_specular.png using Guid(23cad3e92575f8641b684882e7208266) Importer(815301076,1909f56bfc062723c751e8b465ee728b)  -> (artifact id: '1dcafd6cd72dadc41cd8ddceb01bfb48') in 0.095389 seconds 
========================================================================
Received Import Request.
  Time since last request: 0.000711 seconds.
  path: Assets/Packages/SpacePirate_diffuse.png
  artifactKey: Guid(212b8c5b3809b5343ab5db081d51754a) Importer(815301076,1909f56bfc062723c751e8b465ee728b)
Start importing Assets/Packages/SpacePirate_diffuse.png using Guid(212b8c5b3809b5343ab5db081d51754a) Importer(815301076,1909f56bfc062723c751e8b465ee728b)  -> (artifact id: 'd5c9a5f55b6cc00b4808d933d9059000') in 0.068089 seconds 
========================================================================
Received Import Request.
  Time since last request: 1826.668743 seconds.
  path: Assets/Packages/eve_j_gonzales.fbx
  artifactKey: Guid(282cc736687905541a997c5e92d863e8) Importer(815301076,1909f56bfc062723c751e8b465ee728b)
Start importing Assets/Packages/eve_j_gonzales.fbx using Guid(282cc736687905541a997c5e92d863e8) Importer(815301076,1909f56bfc062723c751e8b465ee728b)  -> (artifact id: 'e09ac361f6ff7135fc96714f3bc06104') in 0.537748 seconds 
========================================================================
Received Import Request.
  Time since last request: 5.507367 seconds.
  path: Assets/Packages/eve_j_gonzales.fbx
  artifactKey: Guid(282cc736687905541a997c5e92d863e8) Importer(815301076,1909f56bfc062723c751e8b465ee728b)
Start importing Assets/Packages/eve_j_gonzales.fbx using Guid(282cc736687905541a997c5e92d863e8) Importer(815301076,1909f56bfc062723c751e8b465ee728b)  -> (artifact id: '62053dd2f084dd70d2339e4640ce8bc8') in 0.074360 seconds 
========================================================================
Received Import Request.
  Time since last request: 74.881658 seconds.
  path: Assets/Packages/Magic Pack/Crouch To Standing Idle.fbx
  artifactKey: Guid(1d593b2f3c8799a428d83fc4926c72d1) Importer(815301076,1909f56bfc062723c751e8b465ee728b)
Start importing Assets/Packages/Magic Pack/Crouch To Standing Idle.fbx using Guid(1d593b2f3c8799a428d83fc4926c72d1) Importer(815301076,1909f56bfc062723c751e8b465ee728b)  -> (artifact id: '0590b196a1be2e026678df7d4ede1bf7') in 0.032028 seconds 
========================================================================
Received Import Request.
  Time since last request: 0.000495 seconds.
  path: Assets/Packages/Magic Pack/Crouch Turn Left 90.fbx
  artifactKey: Guid(fd9bb825882d9b64fa241d8605e10a91) Importer(815301076,1909f56bfc062723c751e8b465ee728b)
Start importing Assets/Packages/Magic Pack/Crouch Turn Left 90.fbx using Guid(fd9bb825882d9b64fa241d8605e10a91) Importer(815301076,1909f56bfc062723c751e8b465ee728b)  -> (artifact id: '2b9c9b3991ef1897f43de8cce4e788e3') in 0.019530 seconds 
========================================================================
Received Import Request.
  Time since last request: 0.000375 seconds.
  path: Assets/Packages/Magic Pack/Crouch Walk Back.fbx
  artifactKey: Guid(67e5c9daffbd17547b6b25231616b0ad) Importer(815301076,1909f56bfc062723c751e8b465ee728b)
Start importing Assets/Packages/Magic Pack/Crouch Walk Back.fbx using Guid(67e5c9daffbd17547b6b25231616b0ad) Importer(815301076,1909f56bfc062723c751e8b465ee728b)  -> (artifact id: 'cfb9af61de7b736315ba424f032cdd99') in 0.026056 seconds 
========================================================================
Received Import Request.
  Time since last request: 0.000297 seconds.
  path: Assets/Packages/Magic Pack/Crouch Turn Right 90.fbx
  artifactKey: Guid(8d3cb7981a1bf3b4cafe443f8c69f819) Importer(815301076,1909f56bfc062723c751e8b465ee728b)
Start importing Assets/Packages/Magic Pack/Crouch Turn Right 90.fbx using Guid(8d3cb7981a1bf3b4cafe443f8c69f819) Importer(815301076,1909f56bfc062723c751e8b465ee728b)  -> (artifact id: '6c650b017e7ac8a076fb04e2a0614f16') in 0.019472 seconds 
========================================================================
Received Prepare
Registering precompiled user dll's ...
Registered in 0.018678 seconds.
Begin MonoManager ReloadAssembly
Symbol file LoadedFromMemory doesn't match image C:\temp\projects\Final Major Project\fmp\fmp\Library\PackageCache\com.unity.visualscripting@1.6.1\Editor\VisualScripting.Core\Dependencies\YamlDotNet\Unity.VisualScripting.YamlDotNet.dll
Symbol file LoadedFromMemory doesn't match image C:\temp\projects\Final Major Project\fmp\fmp\Library\PackageCache\com.unity.visualscripting@1.6.1\Editor\VisualScripting.Core\Dependencies\DotNetZip\Unity.VisualScripting.IonicZip.dll
Native extension for LinuxStandalone target not found
Native extension for WindowsStandalone target not found
Native extension for OSXStandalone target not found
Native extension for WebGL target not found
Refreshing native plugins compatible for Editor in 2.34 ms, found 3 plugins.
Preloading 0 native plugins for Editor in 0.00 ms.
Mono: successfully reloaded assembly
- Completed reload, in  4.127 seconds
Domain Reload Profiling:
	ReloadAssembly (4134ms)
		BeginReloadAssembly (1996ms)
			ExecutionOrderSort (1ms)
			DisableScriptedObjects (427ms)
			BackupInstance (0ms)
			ReleaseScriptingObjects (0ms)
			CreateAndSetChildDomain (1046ms)
		EndReloadAssembly (2039ms)
			LoadAssemblies (466ms)
			RebuildTransferFunctionScriptingTraits (3ms)
			SetupTypeCache (618ms)
			ReleaseScriptCaches (2ms)
			RebuildScriptCaches (95ms)
			SetupLoadedEditorAssemblies (738ms)
				LogAssemblyErrors (0ms)
				InitializePlatformSupportModulesInManaged (16ms)
				SetLoadedEditorAssemblies (1ms)
				RefreshPlugins (2ms)
				BeforeProcessingInitializeOnLoad (134ms)
				ProcessInitializeOnLoadAttributes (569ms)
				ProcessInitializeOnLoadMethodAttributes (7ms)
				AfterProcessingInitializeOnLoad (8ms)
				EditorAssembliesLoaded (0ms)
			ExecutionOrderSort2 (0ms)
			AwakeInstancesAfterBackupRestoration (27ms)
Platform modules already initialized, skipping
Refreshing native plugins compatible for Editor in 2.23 ms, found 3 plugins.
Preloading 0 native plugins for Editor in 0.00 ms.
Unloading 5223 Unused Serialized files (Serialized files now loaded: 0)
System memory in use before: 250.5 MB.
System memory in use after: 250.9 MB.

Unloading 26 unused Assets to reduce memory usage. Loaded Objects now: 5966.
Total: 7.420700 ms (FindLiveObjects: 0.713000 ms CreateObjectMapping: 0.997400 ms MarkObjects: 5.654800 ms  DeleteObjects: 0.050700 ms)

AssetImportParameters requested are different than current active one (requested -> active):
  custom:framework-win-MediaFoundation: 216162199b28c13a410421893ffa2e32 -> 
  custom:video-decoder-ogg-theora: a1e56fd34408186e4bbccfd4996cb3dc -> 
  custom:container-muxer-webm: aa71ff27fc2769a1b78a27578f13a17b -> 
  custom:container-demuxer-webm: 4f35f7cbe854078d1ac9338744f61a02 -> 
  custom:container-demuxer-ogg: 62fdf1f143b41e24485cea50d1cbac27 -> 
  custom:video-encoder-webm-vp8: eb34c28f22e8b96e1ab97ce403110664 -> 
  custom:video-decoder-webm-vp8: 9c59270c3fd7afecdb556c50c9e8de78 -> 
  custom:audio-decoder-ogg-vorbis: bf7c407c2cedff20999df2af8eb42d56 -> 
  custom:audio-encoder-webm-vorbis: bf7c407c2cedff20999df2af8eb42d56 -> 
========================================================================
Received Import Request.
  Time since last request: 173.864006 seconds.
  path: Assets/Packages/Laterns and candles/Meshes/Candle1.fbx
  artifactKey: Guid(11033fb50e55f4f4bb148c9b934959e3) Importer(815301076,1909f56bfc062723c751e8b465ee728b)
Start importing Assets/Packages/Laterns and candles/Meshes/Candle1.fbx using Guid(11033fb50e55f4f4bb148c9b934959e3) Importer(815301076,1909f56bfc062723c751e8b465ee728b)  -> (artifact id: '870ad9b29fbebaf860084c9447a6270a') in 0.311648 seconds 
========================================================================
Received Import Request.
  Time since last request: 0.000484 seconds.
  path: Assets/Packages/Laterns and candles/Prefabs/Candle3 1.prefab
  artifactKey: Guid(42612f8b6c0dce8468648f3f08db6d96) Importer(815301076,1909f56bfc062723c751e8b465ee728b)
Start importing Assets/Packages/Laterns and candles/Prefabs/Candle3 1.prefab using Guid(42612f8b6c0dce8468648f3f08db6d96) Importer(815301076,1909f56bfc062723c751e8b465ee728b)  -> (artifact id: 'd46f9dbbbd464cdc95e42b5eb04e2a91') in 0.116923 seconds 
========================================================================
Received Import Request.
  Time since last request: 0.000318 seconds.
  path: Assets/Packages/Laterns and candles/Prefabs/Candle1.prefab
  artifactKey: Guid(86d84285ef39db64c986f37878b14861) Importer(815301076,1909f56bfc062723c751e8b465ee728b)
Start importing Assets/Packages/Laterns and candles/Prefabs/Candle1.prefab using Guid(86d84285ef39db64c986f37878b14861) Importer(815301076,1909f56bfc062723c751e8b465ee728b)  -> (artifact id: 'e5de188db4f95e1a986fbb3c8b41d254') in 0.032294 seconds 
========================================================================
Received Import Request.
  Time since last request: 0.000518 seconds.
  path: Assets/Packages/Laterns and candles/Prefabs/Candle2.prefab
  artifactKey: Guid(6b93fd896c90c094c8577de7399669b5) Importer(815301076,1909f56bfc062723c751e8b465ee728b)
Start importing Assets/Packages/Laterns and candles/Prefabs/Candle2.prefab using Guid(6b93fd896c90c094c8577de7399669b5) Importer(815301076,1909f56bfc062723c751e8b465ee728b)  -> (artifact id: '6cd11347d17c52d0ea99a98675605a1f') in 0.054392 seconds 
========================================================================
Received Import Request.
  Time since last request: 0.000297 seconds.
  path: Assets/Packages/Laterns and candles/Meshes/Candle3.fbx
  artifactKey: Guid(21c30a3c7192a0649813ca3fe2cdb009) Importer(815301076,1909f56bfc062723c751e8b465ee728b)
Start importing Assets/Packages/Laterns and candles/Meshes/Candle3.fbx using Guid(21c30a3c7192a0649813ca3fe2cdb009) Importer(815301076,1909f56bfc062723c751e8b465ee728b)  -> (artifact id: '37ae34ff66271838985b16aa9a5a0e32') in 0.043158 seconds 
========================================================================
Received Import Request.
  Time since last request: 0.000480 seconds.
  path: Assets/Packages/Laterns and candles/Meshes/Candle2.fbx
  artifactKey: Guid(15808812b164aff4986246a5adb04396) Importer(815301076,1909f56bfc062723c751e8b465ee728b)
Start importing Assets/Packages/Laterns and candles/Meshes/Candle2.fbx using Guid(15808812b164aff4986246a5adb04396) Importer(815301076,1909f56bfc062723c751e8b465ee728b)  -> (artifact id: 'b3f8bb199f31659ab122a422fc454744') in 0.035529 seconds 
========================================================================
Received Import Request.
  Time since last request: 9.184893 seconds.
  path: Assets/Packages/Laterns and candles/Meshes/candlestick.fbx
  artifactKey: Guid(084da560759559f4995810207469e30a) Importer(815301076,1909f56bfc062723c751e8b465ee728b)
Start importing Assets/Packages/Laterns and candles/Meshes/candlestick.fbx using Guid(084da560759559f4995810207469e30a) Importer(815301076,1909f56bfc062723c751e8b465ee728b)  -> (artifact id: 'e5e6164e1ef1dfb31c36370971e98b11') in 0.241048 seconds 
========================================================================
Received Import Request.
  Time since last request: 0.000381 seconds.
  path: Assets/Packages/Laterns and candles/Prefabs/candlestick.prefab
  artifactKey: Guid(b02c5020824fa574d88a101f9b790908) Importer(815301076,1909f56bfc062723c751e8b465ee728b)
Start importing Assets/Packages/Laterns and candles/Prefabs/candlestick.prefab using Guid(b02c5020824fa574d88a101f9b790908) Importer(815301076,1909f56bfc062723c751e8b465ee728b)  -> (artifact id: '9a38089fd991f8e137d4604fad1aeb0a') in 0.028232 seconds 
========================================================================
Received Import Request.
  Time since last request: 0.000367 seconds.
  path: Assets/Packages/Laterns and candles/Meshes/candlestick_wall.fbx
  artifactKey: Guid(d1c8331cd64e7684298abc6c6ee000e3) Importer(815301076,1909f56bfc062723c751e8b465ee728b)
Start importing Assets/Packages/Laterns and candles/Meshes/candlestick_wall.fbx using Guid(d1c8331cd64e7684298abc6c6ee000e3) Importer(815301076,1909f56bfc062723c751e8b465ee728b)  -> (artifact id: '80be8e09b5bda3d35556acc39120c5ef') in 0.059627 seconds 
========================================================================
Received Import Request.
  Time since last request: 0.022194 seconds.
  path: Assets/Packages/Laterns and candles/Meshes/CarvedPost.fbx
  artifactKey: Guid(1d7d476448a20da4e94fa3441f50757c) Importer(815301076,1909f56bfc062723c751e8b465ee728b)
Start importing Assets/Packages/Laterns and candles/Meshes/CarvedPost.fbx using Guid(1d7d476448a20da4e94fa3441f50757c) Importer(815301076,1909f56bfc062723c751e8b465ee728b)  -> (artifact id: '4f266e3955cd3c72ac95e0e00202669c') in 0.059438 seconds 
========================================================================
Received Import Request.
  Time since last request: 0.000305 seconds.
  path: Assets/Packages/Laterns and candles/Prefabs/CarvedPost2.prefab
  artifactKey: Guid(94f10da449387134eb5a2276906ccdfd) Importer(815301076,1909f56bfc062723c751e8b465ee728b)
Start importing Assets/Packages/Laterns and candles/Prefabs/CarvedPost2.prefab using Guid(94f10da449387134eb5a2276906ccdfd) Importer(815301076,1909f56bfc062723c751e8b465ee728b)  -> (artifact id: '2fb20489b05985803e4e22c5729e810a') in 0.114447 seconds 
========================================================================
Received Import Request.
  Time since last request: 0.000265 seconds.
  path: Assets/Packages/Laterns and candles/Prefabs/ceiling chain.prefab
  artifactKey: Guid(24b4d8ad04155c244b2b776c5532e76f) Importer(815301076,1909f56bfc062723c751e8b465ee728b)
Start importing Assets/Packages/Laterns and candles/Prefabs/ceiling chain.prefab using Guid(24b4d8ad04155c244b2b776c5532e76f) Importer(815301076,1909f56bfc062723c751e8b465ee728b)  -> (artifact id: 'a28332c4382566e564476dc26992c542') in 0.103002 seconds 
========================================================================
Received Import Request.
  Time since last request: 0.000336 seconds.
  path: Assets/Packages/Laterns and candles/Meshes/CarvedPost2_double.fbx
  artifactKey: Guid(f25cee7770aa6f84a97ea2a137423107) Importer(815301076,1909f56bfc062723c751e8b465ee728b)
Start importing Assets/Packages/Laterns and candles/Meshes/CarvedPost2_double.fbx using Guid(f25cee7770aa6f84a97ea2a137423107) Importer(815301076,1909f56bfc062723c751e8b465ee728b)  -> (artifact id: 'ee2ba427be554a6722a0e2db064690bd') in 0.088373 seconds 
========================================================================
Received Import Request.
  Time since last request: 0.000332 seconds.
  path: Assets/Packages/low poly medieval buildings/dairy.fbx
  artifactKey: Guid(58479c4b1e7fbec489650179ed19f798) Importer(815301076,1909f56bfc062723c751e8b465ee728b)
Start importing Assets/Packages/low poly medieval buildings/dairy.fbx using Guid(58479c4b1e7fbec489650179ed19f798) Importer(815301076,1909f56bfc062723c751e8b465ee728b)  -> (artifact id: '25b9cd2f2e137779a1d1b6be15b83259') in 0.136697 seconds 
========================================================================
Received Import Request.
  Time since last request: 0.000456 seconds.
  path: Assets/Packages/Magic Pack/Crouch Walk Left.fbx
  artifactKey: Guid(002442aea42a47a499f4d196dab6e580) Importer(815301076,1909f56bfc062723c751e8b465ee728b)
Start importing Assets/Packages/Magic Pack/Crouch Walk Left.fbx using Guid(002442aea42a47a499f4d196dab6e580) Importer(815301076,1909f56bfc062723c751e8b465ee728b)  -> (artifact id: '8b51c61d631ebae7dfa73bf1769b85ec') in 0.022640 seconds 
========================================================================
Received Import Request.
  Time since last request: 0.000343 seconds.
  path: Assets/Packages/JP Environmental Asset Pack/Models/Foliage 1.FBX
  artifactKey: Guid(c99638a33bdcd1d4bb519b3e562bec0a) Importer(815301076,1909f56bfc062723c751e8b465ee728b)
Start importing Assets/Packages/JP Environmental Asset Pack/Models/Foliage 1.FBX using Guid(c99638a33bdcd1d4bb519b3e562bec0a) Importer(815301076,1909f56bfc062723c751e8b465ee728b)  -> (artifact id: 'fd84d7a301d792f842a70a82a7661ab9') in 0.056971 seconds 
========================================================================
Received Import Request.
  Time since last request: 0.000258 seconds.
  path: Assets/Packages/Laterns and candles/Prefabs/CarvedPost2_double.prefab
  artifactKey: Guid(cd6ef13c75034bc4d820dfaf562e4a46) Importer(815301076,1909f56bfc062723c751e8b465ee728b)
Start importing Assets/Packages/Laterns and candles/Prefabs/CarvedPost2_double.prefab using Guid(cd6ef13c75034bc4d820dfaf562e4a46) Importer(815301076,1909f56bfc062723c751e8b465ee728b)  -> (artifact id: 'c08fbd20a4dc3d6ea77f42dca300b771') in 0.107378 seconds 
========================================================================
Received Import Request.
  Time since last request: 0.000328 seconds.
  path: Assets/Packages/Magic Pack/Crouch Walk Right.fbx
  artifactKey: Guid(7a70dbef89abe274ab89149c157ed656) Importer(815301076,1909f56bfc062723c751e8b465ee728b)
Start importing Assets/Packages/Magic Pack/Crouch Walk Right.fbx using Guid(7a70dbef89abe274ab89149c157ed656) Importer(815301076,1909f56bfc062723c751e8b465ee728b)  -> (artifact id: '99da648743468d4bbee7a002805880e0') in 0.018912 seconds 
========================================================================
Received Import Request.
  Time since last request: 0.000434 seconds.
  path: Assets/Packages/Laterns and candles/Meshes/chandelier.fbx
  artifactKey: Guid(33a9eb33812d0a245999a3128922713e) Importer(815301076,1909f56bfc062723c751e8b465ee728b)
Start importing Assets/Packages/Laterns and candles/Meshes/chandelier.fbx using Guid(33a9eb33812d0a245999a3128922713e) Importer(815301076,1909f56bfc062723c751e8b465ee728b)  -> (artifact id: '04c9a0eba0c1146398f76d6bd485f3f1') in 0.056162 seconds 
========================================================================
Received Import Request.
  Time since last request: 0.000394 seconds.
  path: Assets/Packages/Laterns and candles/Meshes/ceiling chain.fbx
  artifactKey: Guid(d119f9920a8205b45b1e51485a2163a5) Importer(815301076,1909f56bfc062723c751e8b465ee728b)
Start importing Assets/Packages/Laterns and candles/Meshes/ceiling chain.fbx using Guid(d119f9920a8205b45b1e51485a2163a5) Importer(815301076,1909f56bfc062723c751e8b465ee728b)  -> (artifact id: 'd026d132ccafb8d82fbbc5b18e263712') in 0.276934 seconds 
========================================================================
Received Import Request.
  Time since last request: 0.000642 seconds.
  path: Assets/Packages/Magic Pack/Crouch Walk Forward.fbx
  artifactKey: Guid(3c1d380468fb0ce4ab960a25814bd00a) Importer(815301076,1909f56bfc062723c751e8b465ee728b)
Start importing Assets/Packages/Magic Pack/Crouch Walk Forward.fbx using Guid(3c1d380468fb0ce4ab960a25814bd00a) Importer(815301076,1909f56bfc062723c751e8b465ee728b)  -> (artifact id: '4452793a8cca6fbfddb5e35f8bf7c960') in 0.021315 seconds 
========================================================================
Received Import Request.
  Time since last request: 0.000329 seconds.
  path: Assets/Packages/Laterns and candles/Meshes/CarvedPost2.fbx
  artifactKey: Guid(4c09d887a9821bd4fbf5c56c4bb3477d) Importer(815301076,1909f56bfc062723c751e8b465ee728b)
Start importing Assets/Packages/Laterns and candles/Meshes/CarvedPost2.fbx using Guid(4c09d887a9821bd4fbf5c56c4bb3477d) Importer(815301076,1909f56bfc062723c751e8b465ee728b)  -> (artifact id: 'e5375a0e51b1c2b18520ca7b097e6228') in 0.061712 seconds 
========================================================================
Received Import Request.
  Time since last request: 0.000240 seconds.
  path: Assets/Packages/JP Environmental Asset Pack/Prefabs/Foliage 1.prefab
  artifactKey: Guid(dfd4a7a5dfb2d0f418db69b31fed990f) Importer(815301076,1909f56bfc062723c751e8b465ee728b)
Start importing Assets/Packages/JP Environmental Asset Pack/Prefabs/Foliage 1.prefab using Guid(dfd4a7a5dfb2d0f418db69b31fed990f) Importer(815301076,1909f56bfc062723c751e8b465ee728b)  -> (artifact id: '864e0b87a33d801ee80a929b4a258b3a') in 0.093139 seconds 
========================================================================
Received Import Request.
  Time since last request: 65.212089 seconds.
  path: Assets/Player.prefab
  artifactKey: Guid(1a0af625f058a2d4cbe74ac9626f36e4) Importer(815301076,1909f56bfc062723c751e8b465ee728b)
Start importing Assets/Player.prefab using Guid(1a0af625f058a2d4cbe74ac9626f36e4) Importer(815301076,1909f56bfc062723c751e8b465ee728b)  -> (artifact id: '1ad0aaa1b123136945f3f0bf607dc81c') in 0.199205 seconds 
========================================================================
Received Import Request.
  Time since last request: 1.745820 seconds.
  path: Assets/Scenes
  artifactKey: Guid(754765699b3c2e641a762d70467e2a7b) Importer(815301076,1909f56bfc062723c751e8b465ee728b)
Start importing Assets/Scenes using Guid(754765699b3c2e641a762d70467e2a7b) Importer(815301076,1909f56bfc062723c751e8b465ee728b)  -> (artifact id: '74c18936d2cf0e406b713f8f6a3545e4') in 0.012959 seconds 
========================================================================
Received Import Request.
  Time since last request: 2.704683 seconds.
  path: Assets/Scripts
  artifactKey: Guid(9a0cf8d9137aa464cb6878da026e9d36) Importer(815301076,1909f56bfc062723c751e8b465ee728b)
Start importing Assets/Scripts using Guid(9a0cf8d9137aa464cb6878da026e9d36) Importer(815301076,1909f56bfc062723c751e8b465ee728b)  -> (artifact id: '33126270ca708ccd65c036d19126abef') in 0.008511 seconds 
========================================================================
Received Import Request.
  Time since last request: 8.678889 seconds.
  path: Assets/Scripts/playerController.cs
  artifactKey: Guid(5203c0515e7c9ac449453834eb4d0461) Importer(815301076,1909f56bfc062723c751e8b465ee728b)
Start importing Assets/Scripts/playerController.cs using Guid(5203c0515e7c9ac449453834eb4d0461) Importer(815301076,1909f56bfc062723c751e8b465ee728b)  -> (artifact id: '6192f150a8f9a6b40d4166667ca45e04') in 0.726490 seconds 
========================================================================
Received Import Request.
  Time since last request: 990.683312 seconds.
  path: Assets/Packages/SpacePirate_normal.png
  artifactKey: Guid(9e0d7f599839ab145b4e750dda9854a9) Importer(815301076,1909f56bfc062723c751e8b465ee728b)
Start importing Assets/Packages/SpacePirate_normal.png using Guid(9e0d7f599839ab145b4e750dda9854a9) Importer(815301076,1909f56bfc062723c751e8b465ee728b)  -> (artifact id: '46f12152a09264dae310b96a085cae89') in 1.489026 seconds 
========================================================================
Received Import Request.
  Time since last request: 15.101359 seconds.
  path: Assets/Packages/SpacePirate_diffuse.png
  artifactKey: Guid(212b8c5b3809b5343ab5db081d51754a) Importer(815301076,1909f56bfc062723c751e8b465ee728b)
Start importing Assets/Packages/SpacePirate_diffuse.png using Guid(212b8c5b3809b5343ab5db081d51754a) Importer(815301076,1909f56bfc062723c751e8b465ee728b)  -> (artifact id: '5aefa4128b6d6ca7f2ff90b3de0d5212') in 0.066467 seconds 
========================================================================
Received Import Request.
  Time since last request: 12.992129 seconds.
  path: Assets/Packages/SpacePirate_diffuse.png
  artifactKey: Guid(212b8c5b3809b5343ab5db081d51754a) Importer(815301076,1909f56bfc062723c751e8b465ee728b)
Start importing Assets/Packages/SpacePirate_diffuse.png using Guid(212b8c5b3809b5343ab5db081d51754a) Importer(815301076,1909f56bfc062723c751e8b465ee728b)  -> (artifact id: 'b89afa42a572c87f020f45cbdd73e43e') in 0.037243 seconds 
========================================================================
Received Import Request.
  Time since last request: 4.202796 seconds.
  path: Assets/Packages/SpacePirate_diffuse.png
  artifactKey: Guid(212b8c5b3809b5343ab5db081d51754a) Importer(815301076,1909f56bfc062723c751e8b465ee728b)
Start importing Assets/Packages/SpacePirate_diffuse.png using Guid(212b8c5b3809b5343ab5db081d51754a) Importer(815301076,1909f56bfc062723c751e8b465ee728b)  -> (artifact id: '45a6723f65f63d55492aa7d1854ef68a') in 0.036559 seconds 
========================================================================
Received Import Request.
  Time since last request: 327.227308 seconds.
  path: Assets/Packages/eve_j_gonzales.fbx
  artifactKey: Guid(282cc736687905541a997c5e92d863e8) Importer(815301076,1909f56bfc062723c751e8b465ee728b)
Start importing Assets/Packages/eve_j_gonzales.fbx using Guid(282cc736687905541a997c5e92d863e8) Importer(815301076,1909f56bfc062723c751e8b465ee728b)  -> (artifact id: 'f5b32ca419e66028685049565308e216') in 0.279095 seconds 
========================================================================
Received Prepare
Registering precompiled user dll's ...
Registered in 0.037449 seconds.
Begin MonoManager ReloadAssembly
Symbol file LoadedFromMemory doesn't match image C:\temp\projects\Final Major Project\fmp\fmp\Library\PackageCache\com.unity.visualscripting@1.6.1\Editor\VisualScripting.Core\Dependencies\YamlDotNet\Unity.VisualScripting.YamlDotNet.dll
Symbol file LoadedFromMemory doesn't match image C:\temp\projects\Final Major Project\fmp\fmp\Library\PackageCache\com.unity.visualscripting@1.6.1\Editor\VisualScripting.Core\Dependencies\DotNetZip\Unity.VisualScripting.IonicZip.dll
Native extension for LinuxStandalone target not found
Native extension for WindowsStandalone target not found
Native extension for OSXStandalone target not found
Native extension for WebGL target not found
Refreshing native plugins compatible for Editor in 1.36 ms, found 3 plugins.
Preloading 0 native plugins for Editor in 0.00 ms.
Mono: successfully reloaded assembly
- Completed reload, in  4.109 seconds
Domain Reload Profiling:
	ReloadAssembly (4127ms)
		BeginReloadAssembly (1840ms)
			ExecutionOrderSort (0ms)
			DisableScriptedObjects (630ms)
			BackupInstance (0ms)
			ReleaseScriptingObjects (0ms)
			CreateAndSetChildDomain (727ms)
		EndReloadAssembly (2177ms)
			LoadAssemblies (453ms)
			RebuildTransferFunctionScriptingTraits (1ms)
			SetupTypeCache (672ms)
			ReleaseScriptCaches (4ms)
			RebuildScriptCaches (110ms)
			SetupLoadedEditorAssemblies (776ms)
				LogAssemblyErrors (0ms)
				InitializePlatformSupportModulesInManaged (14ms)
				SetLoadedEditorAssemblies (1ms)
				RefreshPlugins (1ms)
				BeforeProcessingInitializeOnLoad (116ms)
				ProcessInitializeOnLoadAttributes (628ms)
				ProcessInitializeOnLoadMethodAttributes (7ms)
				AfterProcessingInitializeOnLoad (8ms)
				EditorAssembliesLoaded (0ms)
			ExecutionOrderSort2 (0ms)
			AwakeInstancesAfterBackupRestoration (38ms)
Platform modules already initialized, skipping
Refreshing native plugins compatible for Editor in 2.05 ms, found 3 plugins.
Preloading 0 native plugins for Editor in 0.00 ms.
Unloading 5220 Unused Serialized files (Serialized files now loaded: 0)
System memory in use before: 252.5 MB.
System memory in use after: 253.0 MB.

Unloading 26 unused Assets to reduce memory usage. Loaded Objects now: 6060.
Total: 7.034500 ms (FindLiveObjects: 0.920600 ms CreateObjectMapping: 0.724300 ms MarkObjects: 5.276400 ms  DeleteObjects: 0.068300 ms)

AssetImportParameters requested are different than current active one (requested -> active):
  custom:framework-win-MediaFoundation: 216162199b28c13a410421893ffa2e32 -> 
  custom:video-decoder-ogg-theora: a1e56fd34408186e4bbccfd4996cb3dc -> 
  custom:container-muxer-webm: aa71ff27fc2769a1b78a27578f13a17b -> 
  custom:container-demuxer-webm: 4f35f7cbe854078d1ac9338744f61a02 -> 
  custom:container-demuxer-ogg: 62fdf1f143b41e24485cea50d1cbac27 -> 
  custom:video-encoder-webm-vp8: eb34c28f22e8b96e1ab97ce403110664 -> 
  custom:video-decoder-webm-vp8: 9c59270c3fd7afecdb556c50c9e8de78 -> 
  custom:audio-decoder-ogg-vorbis: bf7c407c2cedff20999df2af8eb42d56 -> 
  custom:audio-encoder-webm-vorbis: bf7c407c2cedff20999df2af8eb42d56 -> 
========================================================================
Received Import Request.
  Time since last request: 1320.692140 seconds.
  path: Assets/Packages/SpacePirate_M.mat
  artifactKey: Guid(21a354daf1377a446a3ae78385ae9a23) Importer(815301076,1909f56bfc062723c751e8b465ee728b)
Start importing Assets/Packages/SpacePirate_M.mat using Guid(21a354daf1377a446a3ae78385ae9a23) Importer(815301076,1909f56bfc062723c751e8b465ee728b)  -> (artifact id: '877367ea154dfd61a65393dfece3c682') in 25.753515 seconds 
========================================================================
Received Prepare
Registering precompiled user dll's ...
Registered in 0.167886 seconds.
Begin MonoManager ReloadAssembly
Symbol file LoadedFromMemory doesn't match image C:\temp\projects\Final Major Project\fmp\fmp\Library\PackageCache\com.unity.visualscripting@1.6.1\Editor\VisualScripting.Core\Dependencies\YamlDotNet\Unity.VisualScripting.YamlDotNet.dll
Symbol file LoadedFromMemory doesn't match image C:\temp\projects\Final Major Project\fmp\fmp\Library\PackageCache\com.unity.visualscripting@1.6.1\Editor\VisualScripting.Core\Dependencies\DotNetZip\Unity.VisualScripting.IonicZip.dll
Native extension for LinuxStandalone target not found
Native extension for WindowsStandalone target not found
Native extension for OSXStandalone target not found
Native extension for WebGL target not found
Refreshing native plugins compatible for Editor in 2.45 ms, found 3 plugins.
Preloading 0 native plugins for Editor in 0.00 ms.
Mono: successfully reloaded assembly
- Completed reload, in  6.267 seconds
Domain Reload Profiling:
	ReloadAssembly (6284ms)
		BeginReloadAssembly (3128ms)
			ExecutionOrderSort (0ms)
			DisableScriptedObjects (510ms)
			BackupInstance (0ms)
			ReleaseScriptingObjects (5ms)
			CreateAndSetChildDomain (1837ms)
		EndReloadAssembly (2982ms)
			LoadAssemblies (658ms)
			RebuildTransferFunctionScriptingTraits (2ms)
			SetupTypeCache (1205ms)
			ReleaseScriptCaches (7ms)
			RebuildScriptCaches (102ms)
			SetupLoadedEditorAssemblies (965ms)
				LogAssemblyErrors (0ms)
				InitializePlatformSupportModulesInManaged (27ms)
				SetLoadedEditorAssemblies (2ms)
				RefreshPlugins (3ms)
				BeforeProcessingInitializeOnLoad (144ms)
				ProcessInitializeOnLoadAttributes (770ms)
				ProcessInitializeOnLoadMethodAttributes (12ms)
				AfterProcessingInitializeOnLoad (8ms)
				EditorAssembliesLoaded (1ms)
			ExecutionOrderSort2 (0ms)
			AwakeInstancesAfterBackupRestoration (57ms)
Platform modules already initialized, skipping
Refreshing native plugins compatible for Editor in 2.70 ms, found 3 plugins.
Preloading 0 native plugins for Editor in 0.00 ms.
Unloading 5220 Unused Serialized files (Serialized files now loaded: 0)
System memory in use before: 252.6 MB.
System memory in use after: 253.1 MB.

Unloading 26 unused Assets to reduce memory usage. Loaded Objects now: 6098.
Total: 21.355200 ms (FindLiveObjects: 1.248600 ms CreateObjectMapping: 0.468600 ms MarkObjects: 19.596100 ms  DeleteObjects: 0.039300 ms)

AssetImportParameters requested are different than current active one (requested -> active):
  custom:framework-win-MediaFoundation: 216162199b28c13a410421893ffa2e32 -> 
  custom:video-decoder-ogg-theora: a1e56fd34408186e4bbccfd4996cb3dc -> 
  custom:container-muxer-webm: aa71ff27fc2769a1b78a27578f13a17b -> 
  custom:container-demuxer-webm: 4f35f7cbe854078d1ac9338744f61a02 -> 
  custom:container-demuxer-ogg: 62fdf1f143b41e24485cea50d1cbac27 -> 
  custom:video-encoder-webm-vp8: eb34c28f22e8b96e1ab97ce403110664 -> 
  custom:video-decoder-webm-vp8: 9c59270c3fd7afecdb556c50c9e8de78 -> 
  custom:audio-decoder-ogg-vorbis: bf7c407c2cedff20999df2af8eb42d56 -> 
  custom:audio-encoder-webm-vorbis: bf7c407c2cedff20999df2af8eb42d56 -> 
AssetImportWorkerClient::OnTransportError - code=2 error=End of file
