Using pre-set license
Built from '2021.1/staging' branch; Version is '2021.1.18f1 (25bdc3efbc2d) revision 2473411'; Using compiler version '192528614'; Build Type 'Release'
OS: 'Windows 10 Education; OS build 19042.1586; Version 2009; 64bit' Language: 'en' Physical Memory: 8037 MB
BatchMode: 1, IsHumanControllingUs: 0, StartBugReporterOnCrash: 0, Is64bit: 1, IsPro: 0

COMMAND LINE ARGUMENTS:
C:\Program Files\Unity\Hub\Editor\2021.1.18f1\Editor\Unity.exe
-adb2
-batchMode
-noUpm
-name
AssetImportWorker2
-projectPath
C:/temp/projects/Final Major Project/fmp/fmp
-logFile
Logs/AssetImportWorker2.log
-srvPort
53690
Successfully changed project path to: C:/temp/projects/Final Major Project/fmp/fmp
C:/temp/projects/Final Major Project/fmp/fmp
Using Asset Import Pipeline V2.
Refreshing native plugins compatible for Editor in 191.92 ms, found 3 plugins.
Preloading 0 native plugins for Editor in 0.00 ms.
Initialize engine version: 2021.1.18f1 (25bdc3efbc2d)
[Subsystems] Discovering subsystems at path C:/Program Files/Unity/Hub/Editor/2021.1.18f1/Editor/Data/Resources/UnitySubsystems
[Subsystems] Discovering subsystems at path C:/temp/projects/Final Major Project/fmp/fmp/Assets
GfxDevice: creating device client; threaded=0; jobified=0
Direct3D:
    Version:  Direct3D 11.0 [level 11.1]
    Renderer: Intel(R) HD Graphics 530 (ID=0x1912)
    Vendor:   Intel
    VRAM:     4018 MB
    Driver:   27.20.100.9415
Initialize mono
Mono path[0] = 'C:/Program Files/Unity/Hub/Editor/2021.1.18f1/Editor/Data/Managed'
Mono path[1] = 'C:/Program Files/Unity/Hub/Editor/2021.1.18f1/Editor/Data/MonoBleedingEdge/lib/mono/unityjit'
Mono config path = 'C:/Program Files/Unity/Hub/Editor/2021.1.18f1/Editor/Data/MonoBleedingEdge/etc'
Using monoOptions --debugger-agent=transport=dt_socket,embedding=1,server=y,suspend=n,address=127.0.0.1:56700
Begin MonoManager ReloadAssembly
Registering precompiled unity dll's ...
Register platform support module: C:/Program Files/Unity/Hub/Editor/2021.1.18f1/Editor/Data/PlaybackEngines/WebGLSupport/UnityEditor.WebGL.Extensions.dll
Register platform support module: C:/Program Files/Unity/Hub/Editor/2021.1.18f1/Editor/Data/PlaybackEngines/MacStandaloneSupport/UnityEditor.OSXStandalone.Extensions.dll
Register platform support module: C:/Program Files/Unity/Hub/Editor/2021.1.18f1/Editor/Data/PlaybackEngines/WindowsStandaloneSupport/UnityEditor.WindowsStandalone.Extensions.dll
Register platform support module: C:/Program Files/Unity/Hub/Editor/2021.1.18f1/Editor/Data/PlaybackEngines/LinuxStandaloneSupport/UnityEditor.LinuxStandalone.Extensions.dll
Registered in 0.010473 seconds.
Native extension for LinuxStandalone target not found
Native extension for WindowsStandalone target not found
Native extension for OSXStandalone target not found
Native extension for WebGL target not found
Refreshing native plugins compatible for Editor in 203.09 ms, found 3 plugins.
Preloading 0 native plugins for Editor in 0.00 ms.
Mono: successfully reloaded assembly
- Completed reload, in  6.545 seconds
Domain Reload Profiling:
	ReloadAssembly (6546ms)
		BeginReloadAssembly (232ms)
			ExecutionOrderSort (0ms)
			DisableScriptedObjects (0ms)
			BackupInstance (0ms)
			ReleaseScriptingObjects (0ms)
			CreateAndSetChildDomain (3ms)
		EndReloadAssembly (808ms)
			LoadAssemblies (228ms)
			RebuildTransferFunctionScriptingTraits (2ms)
			SetupTypeCache (240ms)
			ReleaseScriptCaches (0ms)
			RebuildScriptCaches (46ms)
			SetupLoadedEditorAssemblies (438ms)
				LogAssemblyErrors (0ms)
				InitializePlatformSupportModulesInManaged (17ms)
				SetLoadedEditorAssemblies (0ms)
				RefreshPlugins (203ms)
				BeforeProcessingInitializeOnLoad (3ms)
				ProcessInitializeOnLoadAttributes (168ms)
				ProcessInitializeOnLoadMethodAttributes (46ms)
				AfterProcessingInitializeOnLoad (0ms)
				EditorAssembliesLoaded (1ms)
			ExecutionOrderSort2 (0ms)
			AwakeInstancesAfterBackupRestoration (0ms)
Platform modules already initialized, skipping
Registering precompiled user dll's ...
Registered in 0.041687 seconds.
Begin MonoManager ReloadAssembly
Symbol file LoadedFromMemory doesn't match image C:\temp\projects\Final Major Project\fmp\fmp\Library\PackageCache\com.unity.visualscripting@1.6.1\Editor\VisualScripting.Core\Dependencies\YamlDotNet\Unity.VisualScripting.YamlDotNet.dll
Symbol file LoadedFromMemory doesn't match image C:\temp\projects\Final Major Project\fmp\fmp\Library\PackageCache\com.unity.visualscripting@1.6.1\Editor\VisualScripting.Core\Dependencies\DotNetZip\Unity.VisualScripting.IonicZip.dll
Native extension for LinuxStandalone target not found
Native extension for WindowsStandalone target not found
Native extension for OSXStandalone target not found
Native extension for WebGL target not found
Refreshing native plugins compatible for Editor in 223.50 ms, found 3 plugins.
Preloading 0 native plugins for Editor in 0.00 ms.
Mono: successfully reloaded assembly
- Completed reload, in  3.210 seconds
Domain Reload Profiling:
	ReloadAssembly (3212ms)
		BeginReloadAssembly (211ms)
			ExecutionOrderSort (0ms)
			DisableScriptedObjects (6ms)
			BackupInstance (0ms)
			ReleaseScriptingObjects (0ms)
			CreateAndSetChildDomain (27ms)
		EndReloadAssembly (2923ms)
			LoadAssemblies (252ms)
			RebuildTransferFunctionScriptingTraits (0ms)
			SetupTypeCache (591ms)
			ReleaseScriptCaches (1ms)
			RebuildScriptCaches (108ms)
			SetupLoadedEditorAssemblies (1818ms)
				LogAssemblyErrors (0ms)
				InitializePlatformSupportModulesInManaged (8ms)
				SetLoadedEditorAssemblies (0ms)
				RefreshPlugins (224ms)
				BeforeProcessingInitializeOnLoad (157ms)
				ProcessInitializeOnLoadAttributes (1403ms)
				ProcessInitializeOnLoadMethodAttributes (14ms)
				AfterProcessingInitializeOnLoad (11ms)
				EditorAssembliesLoaded (1ms)
			ExecutionOrderSort2 (0ms)
			AwakeInstancesAfterBackupRestoration (10ms)
Platform modules already initialized, skipping
========================================================================
Worker process is ready to serve import requests
Launched and connected shader compiler UnityShaderCompiler.exe after 0.15 seconds
Refreshing native plugins compatible for Editor in 1.13 ms, found 3 plugins.
Preloading 0 native plugins for Editor in 0.00 ms.
Unloading 5364 Unused Serialized files (Serialized files now loaded: 0)
System memory in use before: 232.0 MB.
System memory in use after: 232.4 MB.

Unloading 30 unused Assets to reduce memory usage. Loaded Objects now: 5836.
Total: 27.398800 ms (FindLiveObjects: 2.213700 ms CreateObjectMapping: 0.422200 ms MarkObjects: 23.649400 ms  DeleteObjects: 1.092100 ms)

AssetImportParameters requested are different than current active one (requested -> active):
  custom:framework-win-MediaFoundation: 216162199b28c13a410421893ffa2e32 -> 
  custom:video-decoder-ogg-theora: a1e56fd34408186e4bbccfd4996cb3dc -> 
  custom:container-muxer-webm: aa71ff27fc2769a1b78a27578f13a17b -> 
  custom:container-demuxer-webm: 4f35f7cbe854078d1ac9338744f61a02 -> 
  custom:container-demuxer-ogg: 62fdf1f143b41e24485cea50d1cbac27 -> 
  custom:video-encoder-webm-vp8: eb34c28f22e8b96e1ab97ce403110664 -> 
  custom:video-decoder-webm-vp8: 9c59270c3fd7afecdb556c50c9e8de78 -> 
  custom:audio-decoder-ogg-vorbis: bf7c407c2cedff20999df2af8eb42d56 -> 
  custom:audio-encoder-webm-vorbis: bf7c407c2cedff20999df2af8eb42d56 -> 
========================================================================
Received Import Request.
  path: Assets/Packages/Female Locomotion Pack/arissa.fbx
  artifactKey: Guid(a23543ce715754f429d32833414a2a7b) Importer(815301076,1909f56bfc062723c751e8b465ee728b)
Start importing Assets/Packages/Female Locomotion Pack/arissa.fbx using Guid(a23543ce715754f429d32833414a2a7b) Importer(815301076,1909f56bfc062723c751e8b465ee728b)  -> (artifact id: '314b145047f0e942c2739039a0be71b4') in 1.402525 seconds 
========================================================================
Received Import Request.
  Time since last request: 2.883275 seconds.
  path: Assets/Packages/Female Locomotion Pack/arissa@Fast Run.fbx
  artifactKey: Guid(f3cf4d7854fda1c4e9a6b7e45f910eb9) Importer(815301076,1909f56bfc062723c751e8b465ee728b)
Start importing Assets/Packages/Female Locomotion Pack/arissa@Fast Run.fbx using Guid(f3cf4d7854fda1c4e9a6b7e45f910eb9) Importer(815301076,1909f56bfc062723c751e8b465ee728b)  -> (artifact id: 'ceba7792d93bf8cc2f2731fb3a6eaebe') in 0.107405 seconds 
========================================================================
Received Import Request.
  Time since last request: 0.000692 seconds.
  path: Assets/Packages/Female Locomotion Pack/arissa@Walking.fbx
  artifactKey: Guid(791c293dc66f24e4ba22facdf917efc1) Importer(815301076,1909f56bfc062723c751e8b465ee728b)
Start importing Assets/Packages/Female Locomotion Pack/arissa@Walking.fbx using Guid(791c293dc66f24e4ba22facdf917efc1) Importer(815301076,1909f56bfc062723c751e8b465ee728b)  -> (artifact id: 'c01195f54e3297de9157d5e56705fd57') in 0.071502 seconds 
========================================================================
Received Import Request.
  Time since last request: 0.000444 seconds.
  path: Assets/Packages/Female Locomotion Pack/arissa@Running Backward.fbx
  artifactKey: Guid(8c9e9115d5e57664f9603ce800eae177) Importer(815301076,1909f56bfc062723c751e8b465ee728b)
Start importing Assets/Packages/Female Locomotion Pack/arissa@Running Backward.fbx using Guid(8c9e9115d5e57664f9603ce800eae177) Importer(815301076,1909f56bfc062723c751e8b465ee728b)  -> (artifact id: 'ad6f0c1654d6150e29a229e17d4b6223') in 0.088713 seconds 
========================================================================
Received Import Request.
  Time since last request: 0.000260 seconds.
  path: Assets/Packages/Female Locomotion Pack/arissa@Walking Backward.fbx
  artifactKey: Guid(07d75055c8cc8e94ba920aea3c76a807) Importer(815301076,1909f56bfc062723c751e8b465ee728b)
Start importing Assets/Packages/Female Locomotion Pack/arissa@Walking Backward.fbx using Guid(07d75055c8cc8e94ba920aea3c76a807) Importer(815301076,1909f56bfc062723c751e8b465ee728b)  -> (artifact id: 'ff12a8c48bfab99c28b6f65c363fd097') in 0.077302 seconds 
========================================================================
Received Import Request.
  Time since last request: 72.504979 seconds.
  path: Assets/Packages/low poly medieval buildings/bakery.fbx
  artifactKey: Guid(c034964186ba73843abf9c751bd0423a) Importer(815301076,1909f56bfc062723c751e8b465ee728b)
Start importing Assets/Packages/low poly medieval buildings/bakery.fbx using Guid(c034964186ba73843abf9c751bd0423a) Importer(815301076,1909f56bfc062723c751e8b465ee728b)  -> (artifact id: 'd3d6cadf9d1140c74842a71701ed8b2a') in 0.318166 seconds 
========================================================================
Received Import Request.
  Time since last request: 0.000808 seconds.
  path: Assets/Packages/low poly medieval buildings/barrack.fbx
  artifactKey: Guid(ceae2dc210e1e7e459a3eb0a6de39b4d) Importer(815301076,1909f56bfc062723c751e8b465ee728b)
Start importing Assets/Packages/low poly medieval buildings/barrack.fbx using Guid(ceae2dc210e1e7e459a3eb0a6de39b4d) Importer(815301076,1909f56bfc062723c751e8b465ee728b)  -> (artifact id: '9b5f24adec61da566b61792e940e51fa') in 0.089039 seconds 
========================================================================
Received Import Request.
  Time since last request: 38.236013 seconds.
  path: Assets/Packages/Magic Pack/Standing 2H Magic Attack 03.fbx
  artifactKey: Guid(0f0825e08a9e89d41b3bfc1b61797f67) Importer(815301076,1909f56bfc062723c751e8b465ee728b)
Start importing Assets/Packages/Magic Pack/Standing 2H Magic Attack 03.fbx using Guid(0f0825e08a9e89d41b3bfc1b61797f67) Importer(815301076,1909f56bfc062723c751e8b465ee728b)  -> (artifact id: '3e3863e43a66d7c104029d5d0c69130a') in 0.035422 seconds 
========================================================================
Received Import Request.
  Time since last request: 0.000446 seconds.
  path: Assets/Packages/Magic Pack/Crouch Idle.fbx
  artifactKey: Guid(986486472bd2ab5498080a8c923878e6) Importer(815301076,1909f56bfc062723c751e8b465ee728b)
Start importing Assets/Packages/Magic Pack/Crouch Idle.fbx using Guid(986486472bd2ab5498080a8c923878e6) Importer(815301076,1909f56bfc062723c751e8b465ee728b)  -> (artifact id: '5ec6e584b735a661ec160dd6fe13cc4d') in 0.021362 seconds 
========================================================================
Received Prepare
Registering precompiled user dll's ...
Registered in 0.036992 seconds.
Begin MonoManager ReloadAssembly
Symbol file LoadedFromMemory doesn't match image C:\temp\projects\Final Major Project\fmp\fmp\Library\PackageCache\com.unity.visualscripting@1.6.1\Editor\VisualScripting.Core\Dependencies\YamlDotNet\Unity.VisualScripting.YamlDotNet.dll
Symbol file LoadedFromMemory doesn't match image C:\temp\projects\Final Major Project\fmp\fmp\Library\PackageCache\com.unity.visualscripting@1.6.1\Editor\VisualScripting.Core\Dependencies\DotNetZip\Unity.VisualScripting.IonicZip.dll
Native extension for LinuxStandalone target not found
Native extension for WindowsStandalone target not found
Native extension for OSXStandalone target not found
Native extension for WebGL target not found
Refreshing native plugins compatible for Editor in 1.54 ms, found 3 plugins.
Preloading 0 native plugins for Editor in 0.00 ms.
Mono: successfully reloaded assembly
- Completed reload, in  2.632 seconds
Domain Reload Profiling:
	ReloadAssembly (2633ms)
		BeginReloadAssembly (505ms)
			ExecutionOrderSort (0ms)
			DisableScriptedObjects (56ms)
			BackupInstance (0ms)
			ReleaseScriptingObjects (0ms)
			CreateAndSetChildDomain (181ms)
		EndReloadAssembly (2017ms)
			LoadAssemblies (387ms)
			RebuildTransferFunctionScriptingTraits (1ms)
			SetupTypeCache (682ms)
			ReleaseScriptCaches (3ms)
			RebuildScriptCaches (89ms)
			SetupLoadedEditorAssemblies (758ms)
				LogAssemblyErrors (0ms)
				InitializePlatformSupportModulesInManaged (16ms)
				SetLoadedEditorAssemblies (1ms)
				RefreshPlugins (2ms)
				BeforeProcessingInitializeOnLoad (147ms)
				ProcessInitializeOnLoadAttributes (575ms)
				ProcessInitializeOnLoadMethodAttributes (7ms)
				AfterProcessingInitializeOnLoad (9ms)
				EditorAssembliesLoaded (1ms)
			ExecutionOrderSort2 (0ms)
			AwakeInstancesAfterBackupRestoration (16ms)
Platform modules already initialized, skipping
